
------------------------------------------------------------
                     Results datasets/att48_d.txt                               
------------------------------------------------------------
70.07479596138

For Q = 5, alpha = 0.2, beta = 0.3 , num_iterations = 3, num_ants = 2, evaporation_factor = 0.3:
Best found path is:
41 0 2 0 1 7 0 10 11 26 5 13 18 7 2 7 4 8 17 8 5 18 17 0 26 5 17 21 31 33 8 39 9 28 0 35 1 5 3 32 3 21 38 33 24 36 41 35 16 1 17 12 39 22 12 28 6 34 11 42 46 26 16 39 30 7 8 36 37 15 33 0 25 8 26 32 45 25 44 38 24 28 13 0 45 8 23 0 6 7 25 17 4 41 40 2 1 39 0 11 19 47 41 40 32 41 2 4 40 2 43 17 10 15 9 33 9 39 22 24 44 1 5 27 6 37 42 34 30 19 41 28 42 30 32 29 11 8 19 32 14 32 42 26 12 24 27 29 40 26 23 38 2 15 6 9 40 5 37 43 21 19 6 8 10 46 14 7 6 17 12 38 35 13 11 16 39 45 44 25 41 20

Best found path cost = 529795.0

Execution time: 70.07479596138 seconds
63.7261118888855

For Q = 5, alpha = 0.2, beta = 0.3 , num_iterations = 3, num_ants = 2, evaporation_factor = 0.7:
Best found path is:
43 4 9 4 7 30 37 10 15 21 22 10 17 16 13 14 0 38 13 2 22 35 32 24 31 6 19 14 0 30 6 33 10 0 6 29 8 43 33 46 0 17 41 4 13 18 32 24 31 33 35 6 29 27 11 19 5 11 2 8 20 22 10 17 37 27 19 11 19 6 42 30 8 7 9 23 29 19 1 25 35 47 25 1 25 8 7 30 8 43 40 20 2 8 2 11 2 20 2 47 25 8 19 12 10 28 11 31 28 29 8 3 29 27 31 16 13 2 45 47 18 42 29 8 20 2 22 35 23 29 11 14 30 26 40 15 16 3 33 42 30 37 20 14 9 46 0 8 4 13 14 18 1 35 32 47 38 6 47 25 1 35 5 1 35 6 4 13 0 39 2 10 0 43 4 3 34 36 19 1 35 23 13 16 42 30 6 36 18 1 17 16 2 45 0 13 8 17 16 2 21 22 10 15 31 16 13 14 30 6 32 47 18 42 8 19 14 29 8 44

Best found path cost = 583716.0

Execution time: 63.7261118888855 seconds
62.01912307739258

For Q = 5, alpha = 0.2, beta = 0.3 , num_iterations = 3, num_ants = 5, evaporation_factor = 0.3:
Best found path is:
12 0 1 3 1 3 6 2 7 6 0 4 30 10 22 4 2 8 2 0 18 1 6 21 14 11 40 15 27 22 8 44 4 3 38 19 14 2 11 44 16 0 24 29 9 24 5 12 28 38 8 36 5 37 10 31 4 14 38 23 45 30 37 23 44 0 27 41 42 27 3 20 26 4 10 39 3 24 2 0 22 2 26 15 27 11 4 5 17 37 16 31 12 16 42 29 26 16 15 0 27 19 2 8 7 39 10 28 1 14 36 18 30 47 33 25 19 27 21 19 46 25 17 32 39 3 13 30 17 29 18 44 43 6 37 27 2 8 2 21 31 23 33 3 21 22 23 9 30 19 31 4 23 7 22 14 12 32 6 35 37 2 15 10 20 17 13 46 40 34

Best found path cost = 485872.0

Execution time: 62.01912307739258 seconds
59.68595004081726

For Q = 5, alpha = 0.2, beta = 0.3 , num_iterations = 3, num_ants = 5, evaporation_factor = 0.7:
Best found path is:
41 0 1 4 11 6 3 27 3 20 2 1 18 15 36 2 11 2 36 28 14 47 22 7 5 11 0 43 35 8 3 42 19 21 35 17 8 1 22 44 4 19 16 7 4 30 35 30 17 27 7 2 32 0 44 34 32 9 47 4 29 4 8 3 41 5 11 13 29 47 15 3 31 38 4 10 22 0 31 4 13 21 47 35 8 27 3 1 38 19 35 24 11 12 35 45 37 31 10 21 33 9 29 10 25 8 6 46 11 13 40 21 33 3 16 9 24 32 14 21 6 17 3 7 46 31 38 27 46 17 26 18 46 8 28 3 23 11 39

Best found path cost = 438184.0

Execution time: 59.68595004081726 seconds
65.0365149974823

For Q = 5, alpha = 0.2, beta = 0.3 , num_iterations = 3, num_ants = 7, evaporation_factor = 0.3:
Best found path is:
24 3 0 1 0 13 18 5 6 20 11 17 21 13 24 46 38 24 31 13 47 10 36 18 9 47 41 25 1 10 28 31 2 37 29 42 10 2 22 6 23 32 16 10 2 12 3 5 37 29 0 33 2 4 42 27 41 44 38 32 20 11 12 40 13 24 13 40 10 2 33 17 19 46 15 21 16 30 40 8 0 8 0 29 18 29 18 15 13 33 13 9 20 16 7 34 24 3 1 11 32 10 2 7 10 2 37 21 13 11 43 42 17 39 2 5 8 17 19 14 39 43 39 11 7 10 21 42 26 36 33 13 9 47 29 42 26 18 27 12 26 17 21 32 8 17 8 17 19 26 35 17 10 11 18 37 29 18 5 6 20 12 38 29 43 22 13 32 11 20 16 18 27 45

Best found path cost = 376837.0

Execution time: 65.0365149974823 seconds
43.4115309715271

For Q = 5, alpha = 0.2, beta = 0.3 , num_iterations = 3, num_ants = 7, evaporation_factor = 0.7:
Best found path is:
24 7 8 0 2 8 39 16 29 6 20 39 16 32 28 2 32 27 36 45 15 25 14 12 11 2 3 24 38 12 2 6 30 7 8 6 15 7 15 4 31 12 6 34 1 2 16 17 11 2 3 21 0 1 0 2 21 19 14 8 25 14 3 36 39 8 45 40 0 5 36 21 15 13 8 29 26 34 1 4 34 17 0 36 27 36 27 13 41 43 35 46 15 8 23 1 17 43 35 18 24 7 15 44 14 35 27 39 0 30 22 24 31 29 45 1 24 10 2 30 7 3 21 0 2 47 45 3 4 47 16 0 37 27 41 28 33 40 15 21 18 16 18 24 16 29 6 4 31 36 3 44 34 38 12 2 34 31 16 37 2 4 12 24 10 5 6 25 10 8 7 15 2 8 33 28 35 6 0 36 17 42 21 15 42 5 42 40 19 37 6 30 11 5 27 17 12 11 9

Best found path cost = 516276.0

Execution time: 43.4115309715271 seconds
186.88594889640808

For Q = 5, alpha = 0.2, beta = 0.3 , num_iterations = 5, num_ants = 2, evaporation_factor = 0.3:
Best found path is:
19 0 2 7 1 41 1 27 24 1 6 15 22 1 16 0 4 21 23 33 2 37 9 31 23 38 14 8 0 12 20 8 18 41 28 33 10 26 46 1 34 12 13 18 45 20 7 23 29 27 23 33 43 27 35 24 8 41 39 38 20 22 35 28 21 37 14 26 20 15 22 29 25 3 6 35 11 28 20 37 44 17 40 16 31 41 18 5 8 1 43 28 6 21 7 11 8 16 37 11 23 1 40 9 24 5 27 17 28 6 37 10 7 22 46 39 4 11 15 46 16 43 34 4 42 37 22 46 26 19 28 41 14 28 0 43 37 39 42 16 20 41 19 21 47 33 40 13 5 12 39 7 2 47 15 29 13 32 33 47 46 39 34 13 32 18 36 10 24 4 25 30

Best found path cost = 520151.0

Execution time: 186.88594889640808 seconds
129.16822719573975

For Q = 5, alpha = 0.2, beta = 0.3 , num_iterations = 5, num_ants = 2, evaporation_factor = 0.7:
Best found path is:
20 4 3 6 17 35 26 36 35 30 8 21 41 23 41 28 4 0 39 22 31 13 0 14 5 6 17 35 30 5 18 26 23 38 29 27 21 10 34 14 4 9 0 4 15 39 22 4 11 8 2 27 22 31 37 8 7 24 19 11 45 1 34 46 6 47 19 25 40 33 37 22 38 41 28 31 11 14 4 1 24 32 14 5 16 17 23 38 13 10 4 1 4 3 25 23 41 23 43 45 30 5 18 24 32 13 14 4 18 36 5 2 0 14 38 29 6 17 35 30 5 21 31 11 8 2 46 6 17 35 30 5 16 27 17 23 38 12 3 25 13 25 26 36 18 5 21 29 27 10 28 31 9 30 31 11 45 37 22 38 12 24 6 17 32 23 41 24 20 26 36 18 40 33 3 6 11 19 0 2 0 7 10 34 14 13 37 45 30 2 26 36 27 17 35 26 23 41 24 20 26 23 38 12 24 19 25 17 23 44 20 1 24 32 26 3 6 22 31 13 0 2 21 41 42

Best found path cost = 535076.0

Execution time: 129.16822719573975 seconds
172.09950184822083

For Q = 5, alpha = 0.2, beta = 0.3 , num_iterations = 5, num_ants = 5, evaporation_factor = 0.3:
Best found path is:
25 0 1 0 1 0 11 9 3 0 39 36 31 10 20 44 25 21 15 24 16 27 35 11 24 1 6 34 6 16 13 39 20 47 2 9 12 5 27 34 6 7 13 46 33 0 39 11 33 22 21 8 43 26 1 32 8 39 36 11 19 22 24 46 32 33 5 37 14 2 16 29 47 14 39 2 20 47 4 28 15 35 4 41 0 21 15 24 32 45 8 39 20 5 26 6 5 30 8 26 16 10 23 47 3 6 24 16 7 17 35 36 38 12 10 13 42 13 15 9 22 45 31 16 34 13 25 39 11 24 20 16 10 6 24 42 18 19 22 40

Best found path cost = 385452.0

Execution time: 172.09950184822083 seconds
188.13633108139038

For Q = 5, alpha = 0.2, beta = 0.3 , num_iterations = 5, num_ants = 5, evaporation_factor = 0.7:
Best found path is:
33 2 0 5 6 4 3 13 24 39 13 4 10 39 13 20 17 31 11 5 6 35 32 8 6 35 22 39 5 15 6 15 36 11 7 18 45 40 8 14 21 24 20 30 19 21 47 25 7 40 8 14 26 6 12 19 0 22 46 5 2 10 43 12 5 38 27 2 4 34 41 43 12 13 4 31 28 29 35 0 32 14 18 2 4 30 13 33 42 5 37 25 22 39 35 22 30 16 41 43 5 15 29 21 1 3 2 4 3 7 27 2 14 39 5 26 20 38 39 5 44 6 43 11 4 23 19 14 29 8 0 2 45 2 13 47 43 44 2 14 39 32 34 0 39 13 12 28 12 19 14 29 8 36 14 31 9

Best found path cost = 413546.0

Execution time: 188.13633108139038 seconds
185.03192496299744

For Q = 5, alpha = 0.2, beta = 0.3 , num_iterations = 5, num_ants = 7, evaporation_factor = 0.3:
Best found path is:
13 0 1 5 11 10 0 8 25 28 6 24 33 8 0 7 10 43 14 0 8 0 28 17 28 19 18 37 4 31 11 10 38 46 5 6 2 1 47 30 14 7 14 11 10 36 5 26 11 17 10 22 10 25 2 0 15 10 36 26 36 5 4 34 15 23 34 44 38 46 22 39 5 7 5 26 16 27 17 5 36 27 42 18 25 15 0 13 9 3 9 20 45 22 18 29 10 20 17 0 18 29 26 11 6 27 11 10 21 39 5 36 26 2 42 18 29 17 21 22 15 19 18 29 17 5 32 5 40 2 8 0 7 14 38 28 1 15 17 24 19 12 6 19 30 38 11 32 36 5 32 15 16 24 34 23 0 10 25 47 0 32 8 24 34 41 6 31 3 41 27 30 21 40 24 35

Best found path cost = 399407.0

Execution time: 185.03192496299744 seconds
195.00034189224243

For Q = 5, alpha = 0.2, beta = 0.3 , num_iterations = 5, num_ants = 7, evaporation_factor = 0.7:
Best found path is:
35 6 7 5 6 22 8 14 7 11 0 2 5 18 43 14 30 20 10 14 26 19 7 35 11 16 30 15 6 22 29 30 13 14 20 23 47 32 5 17 19 40 9 15 8 39 0 37 5 14 30 46 25 4 35 41 9 33 13 46 18 38 23 17 5 36 21 26 19 31 21 45 11 34 31 5 9 14 22 11 0 39 11 34 1 4 31 41 9 15 23 33 32 43 21 18 12 39 42 47 7 5 11 13 8 2 23 33 5 18 24 33 45 13 18 36 18 42 44 3 44 20 12 19 21 7 28 35 5 0 15 0 16 26 5 45 23 33 4 25 11 27

Best found path cost = 357671.0

Execution time: 195.00034189224243 seconds
181.42831921577454

For Q = 5, alpha = 0.2, beta = 0.3 , num_iterations = 7, num_ants = 2, evaporation_factor = 0.3:
Best found path is:
9 0 1 2 3 5 13 10 5 18 20 4 13 25 12 11 9 16 1 22 17 7 0 15 29 23 12 20 6 4 22 21 24 23 16 37 36 13 20 1 24 44 34 0 1 26 19 43 3 13 12 9 10 17 47 16 31 18 40 5 27 22 24 16 19 0 45 20 35 16 17 38 11 37 31 23 9 18 16 13 24 27 42 24 12 13 8 16 27 4 2 11 46 42 35 3 5 42 24 43 17 23 33 11 32 37 18 0 15 5 44 34 18 19 26 42 24 12 44 13 31 26 19 2 24 17 15 24 17 39 37 14 30 20 6 4 47 16 3 41 23 47 25 37 39 11 32 28

Best found path cost = 458764.0

Execution time: 181.42831921577454 seconds
221.9415888786316

For Q = 5, alpha = 0.2, beta = 0.3 , num_iterations = 7, num_ants = 2, evaporation_factor = 0.7:
Best found path is:
29 0 1 4 2 4 7 15 30 11 2 19 7 11 16 4 1 3 11 5 40 30 19 12 10 21 5 0 43 0 16 0 12 43 30 33 10 21 23 32 22 33 16 0 6 11 1 0 30 22 21 4 20 35 19 17 2 43 5 26 13 45 27 35 1 44 40 8 13 37 16 6 30 15 21 4 14 10 23 0 46 20 22 6 38 20 8 0 24 44 38 21 10 30 46 7 19 6 16 39 37 39 27 21 43 5 29 34 9 34 38 9 25 29 16 5 26 0 5 32 17 18 25 41 9 39 18 41 25 15 30 0 8 25 39 35 17 23 4 22 16 5 43 2 23 34 41 35 27 46 0 21 47 11 8 10 27 35 4 45 38 22 21 30 37 34 47 15 23 43 1 11 4 20 31 22 4 8 42 17 43 20 33 11 35 6 3 46 28 5 42 32 30 29 21 25 46 0 15 3 36

Best found path cost = 551292.0

Execution time: 221.9415888786316 seconds
261.51886010169983

For Q = 5, alpha = 0.2, beta = 0.3 , num_iterations = 7, num_ants = 5, evaporation_factor = 0.3:
Best found path is:
44 4 2 0 11 2 15 4 24 6 19 31 10 1 30 20 32 1 13 5 18 31 23 7 4 38 13 5 16 42 2 25 3 41 7 0 8 6 7 33 20 2 44 43 21 22 18 14 27 43 5 36 22 19 33 35 27 19 30 20 32 33 13 29 12 22 19 33 28 44 20 4 47 10 14 22 44 41 23 1 42 5 36 41 47 4 9 44 4 41 47 10 19 16 40 2 1 3 2 25 5 36 22 33 20 0 2 1 3 31 34 16 40 45 5 6 43 8 15 2 37 39 32 20 0 1 42 13 17 6 14 27 19 33 11 14 27 19 12 28 14 10 3 25 3 25 14 8 37 8 6 26 6 19 12 22 46

Best found path cost = 385951.0

Execution time: 261.51886010169983 seconds
281.2996938228607

For Q = 5, alpha = 0.2, beta = 0.3 , num_iterations = 7, num_ants = 5, evaporation_factor = 0.7:
Best found path is:
9 6 0 3 4 1 4 31 42 36 18 13 0 38 36 18 17 41 28 2 5 27 10 17 8 35 39 17 7 0 11 39 15 33 7 43 37 10 39 45 33 26 18 26 9 5 37 43 21 11 31 6 23 33 37 10 26 14 1 11 16 6 27 2 30 18 32 11 46 19 39 10 18 17 11 24 14 1 11 10 13 17 41 0 2 1 4 31 35 2 37 22 5 1 42 18 43 5 27 43 5 35 19 6 27 30 26 11 36 18 36 18 32 38 4 12 35 2 34 25 6 27 30 6 35 30 19 47 22 18 36 5 35 17 5 1 35 32 11 46 31 39 15 35 13 12 35 5 43 5 6 35 2 0 4 39 2 42 17 7 5 7 14 1 25 44 28 47 22 29 36 18 26 9 16 24 18 3 20 3 45 40

Best found path cost = 447459.0

Execution time: 281.2996938228607 seconds
362.4978370666504

For Q = 5, alpha = 0.2, beta = 0.3 , num_iterations = 7, num_ants = 7, evaporation_factor = 0.3:
Best found path is:
25 0 2 1 18 5 6 8 11 2 6 42 5 2 7 16 28 36 26 3 13 6 9 4 32 2 38 7 27 0 41 17 1 9 2 0 31 20 42 40 12 39 7 11 10 27 15 36 18 46 12 18 35 29 1 26 13 25 3 46 7 43 28 25 3 39 42 21 46 6 15 41 47 16 1 6 8 6 30 5 9 39 44 39 14 13 23 47 4 36 24 4 43 25 16 10 24 15 34 8 19 40 43 39 3 23 0 17 9 1 30 37 4 28 0 35 17 33 8 18 25 40 23 14 41 16 13 23 47 10 44 24 4 28 40 28 24 43 12 22 39 45

Best found path cost = 476460.0

Execution time: 362.4978370666504 seconds
447.53358602523804

For Q = 5, alpha = 0.2, beta = 0.3 , num_iterations = 7, num_ants = 7, evaporation_factor = 0.7:
Best found path is:
3 2 5 14 3 0 7 4 8 20 19 5 17 22 25 27 20 22 24 11 30 14 0 9 4 37 7 15 0 3 13 18 43 21 40 33 7 0 19 5 29 41 29 5 19 25 37 8 13 7 47 46 27 6 35 22 0 1 9 34 39 27 15 26 5 15 24 6 10 13 33 29 5 34 0 4 12 11 35 14 43 18 7 44 35 11 19 22 39 14 26 36 34 30 7 15 0 7 3 0 22 15 4 2 4 2 38 12 10 26 42 36 43 11 14 0 12 24 10 13 1 29 6 11 10 19 5 29 6 14 3 44 32 29 39 5 29 41 4 45 25 24 31 16 18 5 6 17 3 30 16 23 20 16 26 32 3 28

Best found path cost = 434667.0

Execution time: 447.53358602523804 seconds
57.813700914382935

For Q = 5, alpha = 0.2, beta = 0.7 , num_iterations = 3, num_ants = 2, evaporation_factor = 0.3:
Best found path is:
16 0 2 3 7 0 13 2 19 40 42 36 5 23 30 21 2 18 14 5 27 31 23 26 10 2 33 18 39 24 8 15 2 6 35 33 30 24 12 1 15 7 8 9 35 27 23 9 43 47 5 23 5 32 17 15 24 25 33 0 24 16 43 13 5 34 13 22 34 23 39 46 11 35 39 29 6 39 30 0 37 30 37 5 32 41 10 9 44 0 16 19 15 26 39 27 31 5 35 14 13 42 24 11 30 37 11 35 24 20 9 45 36 14 28 3 32 40 7 11 37 34 43 9 31 27 15 23 9 32 2 16 29 15 22 14 4 25 34 3 23 33 28 34 12 44 21 4 40 6 19 42 5 6 15 28 47 38

Best found path cost = 468917.0

Execution time: 57.813700914382935 seconds
86.45535206794739

For Q = 5, alpha = 0.2, beta = 0.7 , num_iterations = 3, num_ants = 2, evaporation_factor = 0.7:
Best found path is:
11 7 0 38 16 20 4 32 24 17 9 16 0 22 3 10 1 4 39 43 39 27 35 7 0 19 30 17 42 30 46 32 45 5 24 12 15 1 4 2 4 20 2 26 18 47 8 21 13 2 26 41 24 11 6 38 28 7 0 12 38 15 6 1 40 43 39 6 2 46 34 25 27 10 4 19 30 19 4 32 24 34 23 8 45 40 13 33 27 22 10 2 39 35 12 3 8 18 44 25 27 35 27 17 40 43 46 32 24 11 37 30 38 10 4 17 9 1 11 27 5 24 33 36 35 27 4 19 43 30 42 18 29 26 29 5 43 30 17 45 10 47 8 45 5 24 12 45 10 36 14 32 3 13 14 24 11 10 31

Best found path cost = 411538.0

Execution time: 86.45535206794739 seconds
27.378047943115234

For Q = 5, alpha = 0.2, beta = 0.7 , num_iterations = 3, num_ants = 5, evaporation_factor = 0.3:
Best found path is:
20 1 2 3 41 0 1 2 1 42 15 10 12 10 12 20 30 27 33 12 4 21 15 38 0 4 21 31 32 31 29 41 8 6 36 0 22 33 28 38 43 11 17 6 35 9 13 7 13 39 12 10 24 28 27 17 6 36 8 27 40 11 4 38 5 30 27 8 25 38 32 39 1 41 16 21 1 23 37 18 30 2 20 13 14 18 34 44 46 9 11 46 33 13 8 20 14 34 38 2 16 30 19 1 15 12 24 17 6 18 35 6 36 20 8 19 24 5 30 15 22 40 45 37 32 28 2 20 24 28 9 1 2 15 32 39 1 15 24 42 15 31 26 2 27 39 24 7 22 37 19 32 39 14 18 3 8 7 26 7 2 45 19 47

Best found path cost = 449201.0

Execution time: 27.378047943115234 seconds
59.872905015945435

For Q = 5, alpha = 0.2, beta = 0.7 , num_iterations = 3, num_ants = 5, evaporation_factor = 0.7:
Best found path is:
41 0 4 0 2 3 5 10 5 31 15 0 5 6 20 10 0 8 18 38 4 32 16 15 4 24 16 32 18 20 28 2 32 7 15 34 30 7 8 15 14 5 29 37 17 26 21 41 25 30 37 7 28 6 11 2 25 40 16 5 21 43 22 24 33 40 44 2 17 36 18 20 44 46 30 15 46 6 36 29 33 14 30 9 4 34 32 7 21 37 7 45 0 38 2 11 2 23 20 14 38 36 2 28 29 28 18 2 22 0 18 42 31 40 21 19 7 23 28 5 29 6 1 8 22 32 43 46 28 2 12 37 41 29 35 29 30 0 21 29 35 26 34 0 6 21 29 22 26 8 22 34 14 1 47 34 5 31 27 43 37 17 20 1 5 14 18 13 22 39

Best found path cost = 505454.0

Execution time: 59.872905015945435 seconds
59.763705015182495

For Q = 5, alpha = 0.2, beta = 0.7 , num_iterations = 3, num_ants = 7, evaporation_factor = 0.3:
Best found path is:
18 0 1 0 2 6 12 21 12 10 34 44 6 15 27 11 5 16 4 0 5 32 19 37 11 45 5 35 14 16 42 29 14 0 8 6 11 22 19 25 3 9 13 27 36 31 14 24 31 32 3 0 1 5 27 5 17 5 46 14 44 2 22 43 12 21 23 9 39 26 3 41 9 1 20 12 42 17 25 14 39 33 12 17 24 42 38 22 36 31 7 27 29 0 12 8 5 16 4 12 5 20 11 42 6 30 28 0 15 8 7 21 11 27 24 13 45 14 4 36 44 9 1 44 9 28 40 43 32 21 13 16 8 4 24 47

Best found path cost = 368440.0

Execution time: 59.763705015182495 seconds
44.10127806663513

For Q = 5, alpha = 0.2, beta = 0.7 , num_iterations = 3, num_ants = 7, evaporation_factor = 0.7:
Best found path is:
17 0 1 3 21 33 10 35 6 16 9 2 5 1 19 3 9 1 39 40 47 12 15 24 15 28 6 27 19 2 21 2 14 30 27 45 28 20 31 27 45 19 3 2 5 16 43 32 44 8 41 9 1 3 46 12 15 13 11 7 2 8 30 37 33 38 5 7 0 12 13 17 1 6 35 11 14 20 31 32 0 7 6 43 39 34 14 30 14 26 36 5 6 9 11 14 10 34 25 2 36 5 6 35 29 6 16 26 36 38 30 0 2 7 38 46 35 5 28 18 10 3 46 23 0 21 14 20 12 19 2 0 2 34 46 11 36 5 18 23 40 26 43 7 15 8 9 13 0 7 25 4 29 36 38 17 10 12 22 19 4 21 39 19 46 42

Best found path cost = 432252.0

Execution time: 44.10127806663513 seconds
166.8422930240631

For Q = 5, alpha = 0.2, beta = 0.7 , num_iterations = 5, num_ants = 2, evaporation_factor = 0.3:
Best found path is:
22 0 3 1 6 2 6 0 1 13 5 8 13 17 36 0 2 13 9 3 4 18 11 34 37 0 4 16 37 1 7 38 47 7 13 19 42 0 10 11 12 11 20 31 3 2 13 29 35 32 33 19 31 16 34 41 10 16 45 5 8 43 10 11 13 10 4 14 24 28 0 30 5 14 15 2 12 15 28 46 15 4 12 10 46 14 8 23 6 43 35 26 35 16 5 44 15 2 21 1 20 45 2 10 20 44 11 4 42 36 4 34 39 21 18 34 25 17 26 19 7 17 6 14 4 9 25 36 13 28 37 22 36 38 3 4 1 47 14 28 3 27 43 9 21 0 37 30 24 33 14 23 28 13 11 20 4 38 35 5 29 15 40

Best found path cost = 461752.0

Execution time: 166.8422930240631 seconds
203.15915703773499

For Q = 5, alpha = 0.2, beta = 0.7 , num_iterations = 5, num_ants = 2, evaporation_factor = 0.7:
Best found path is:
24 2 3 21 4 7 31 47 37 39 5 40 41 7 30 39 36 25 11 28 17 18 36 25 47 24 47 38 27 34 13 11 0 26 5 0 6 43 39 28 2 40 18 11 2 19 38 43 40 9 43 33 20 25 11 0 22 20 10 2 32 10 2 18 47 15 21 14 2 31 47 13 22 29 8 36 39 20 10 4 11 23 2 32 11 16 3 0 3 21 7 30 10 40 47 37 17 0 15 21 17 18 28 18 29 26 2 40 36 27 8 31 10 40 47 18 36 39 31 11 22 6 14 44 6 5 23 31 4 41 16 38 19 43 15 21 4 35 11 1 39 21 12 41 7 8 36 25 27 42 27 6 15 43 40 39 8 42 46 45

Best found path cost = 474170.0

Execution time: 203.15915703773499 seconds
153.722669839859

For Q = 5, alpha = 0.2, beta = 0.7 , num_iterations = 5, num_ants = 5, evaporation_factor = 0.3:
Best found path is:
42 0 2 0 1 6 2 0 35 24 11 8 30 6 8 5 27 6 45 13 12 34 11 10 6 22 46 42 13 1 45 7 16 47 14 39 4 13 4 24 16 2 38 31 28 21 8 37 36 7 33 45 9 44 45 9 6 28 35 17 0 2 14 31 2 3 1 21 8 45 28 10 25 43 30 45 30 25 14 19 32 30 32 46 9 44 15 22 41 38 43 32 21 27 36 35 27 31 2 11 16 42 7 22 40 12 43 7 44 30 37 29 3 6 9 10 30 2 34 36 43 11 12 9 34 2 39 10 1 13 10 41 46 31 20 7 43 17 23 9 2 11 30 12 26 4 15 3 23 24 1 11 2 8 7 32 8 21 19 33 18

Best found path cost = 458098.0

Execution time: 153.722669839859 seconds
123.70821714401245

For Q = 5, alpha = 0.2, beta = 0.7 , num_iterations = 5, num_ants = 5, evaporation_factor = 0.7:
Best found path is:
45 7 0 1 2 6 20 38 21 38 15 22 5 0 1 15 2 6 11 0 6 17 2 22 0 10 19 45 42 29 18 26 29 18 6 20 11 3 44 0 8 18 5 0 39 2 4 0 6 20 21 30 45 17 36 15 16 5 9 37 30 45 32 14 35 6 35 40 30 5 0 8 24 42 0 8 47 4 31 20 0 46 35 6 5 9 14 29 6 39 10 47 40 15 22 2 45 17 45 32 14 10 19 28 34 4 44 27 36 17 14 3 45 17 36 10 47 4 46 17 43 10 20 21 29 5 37 11 10 15 14 3 44 15 34 33 40 15 27 30 11 14 36 29 18 35 6 0 39 18 5 17 14 46 5 24 35 17 12 20 11 3 22 25 3 41 0 1 6 4 37 30 45 32 1 18 35 23 12 17 45 17 45 17 33 10 16 5 26 18 35 42 29 45 18 35 38 4 15 24 25 3 8 13

Best found path cost = 467268.0

Execution time: 123.70821714401245 seconds
149.13626194000244

For Q = 5, alpha = 0.2, beta = 0.7 , num_iterations = 5, num_ants = 7, evaporation_factor = 0.3:
Best found path is:
20 4 1 0 5 17 7 2 45 3 23 13 9 47 4 11 8 32 14 8 0 37 15 5 32 18 21 38 13 27 17 41 31 9 40 1 47 5 0 6 37 25 7 21 8 6 35 44 26 39 12 6 17 37 15 1 4 28 1 37 11 39 26 37 5 29 11 32 17 18 35 21 6 14 15 3 14 1 4 17 7 27 12 43 33 2 10 2 45 38 28 5 29 47 36 6 27 22 11 46 10 4 20 9 15 22 31 4 5 36 47 24 22 29 17 36 3 19 34 47 31 9 24 22 11 25 1 27 16 42 32 17 7 31 10 0 6 32 38 43 17 41 1 34 30

Best found path cost = 387869.0

Execution time: 149.13626194000244 seconds
202.70675611495972

For Q = 5, alpha = 0.2, beta = 0.7 , num_iterations = 5, num_ants = 7, evaporation_factor = 0.7:
Best found path is:
44 2 0 8 10 5 18 10 1 0 11 29 4 8 10 5 9 5 18 5 29 7 37 8 27 32 28 47 26 18 6 29 26 46 14 42 35 14 25 28 8 17 41 9 5 32 0 2 14 9 4 26 24 26 18 5 7 21 15 32 23 11 5 9 25 33 22 40 21 0 17 27 33 3 14 6 43 2 14 2 0 8 6 31 41 9 4 33 15 33 29 4 28 20 46 2 39 21 25 15 0 4 22 24 13 11 4 13 23 13 39 18 8 2 12 9 5 32 30 7 0 4 11 12 14 42 12 40 38 33 32 14 10 22 0 4 30 7 0 8 6 16 36 5 0 20 46 2 22 7 14 45 29 2 39 6 19 10 22 2 37 4 37 12 11 30 7 0 7 21 0 2 8 27 13 0 6 7 11 39 13 32 28 1 3 43 2 7 27 19 13 12 33 22 27 18 10 5 16 6 20 2 39 18 8 37 8 35 13 11 12 11 2 39 34

Best found path cost = 483140.0

Execution time: 202.70675611495972 seconds
177.85591197013855

For Q = 5, alpha = 0.2, beta = 0.7 , num_iterations = 7, num_ants = 2, evaporation_factor = 0.3:
Best found path is:
37 8 15 0 14 22 17 21 43 30 11 21 10 17 37 8 14 22 21 43 35 17 37 45 21 34 3 16 4 24 37 8 11 21 34 32 45 24 41 13 19 33 46 41 42 46 21 42 47 39 14 24 2 14 22 38 46 8 23 14 18 4 43 35 17 19 45 14 22 17 33 39 45 25 46 14 10 13 33 13 5 38 46 41 42 17 21 43 45 0 13 5 36 38 39 14 17 43 30 10 6 26 42 6 32 45 21 43 35 17 37 8 44 2 14 10 39 14 13 33 39 6 40 3 0 16 10 7 43 45 35 27 17 16 26 25 16 4 24 26 16 4 15 11 1 42 46 21 22 0 14 22 21 38 39 45 14 10 29 46 14 22 4 3 0 16 4 24 4 15 2 0 14 15 11 6 18 5 0 3 12 14 39 14 24 21 10 13 5 0 8 11 21 42 11 23 14 18 29 42 11 31 22 21 34 32 0 2 0 3 12 24 21 15 23 14 24 20 40 34 3 0 8 11 31 10 39 14 39 6 18 29 42 20 19 18 29 36 38 2 14 28 23 1 21 10 39 14 24 20 0 13 22 21 38 46 21 22 0 12 20 19 18 4 24 41 13 33 21 15 0 16 26 13 9

Best found path cost = 647643.0

Execution time: 177.85591197013855 seconds
596.6230478286743

For Q = 5, alpha = 0.2, beta = 0.7 , num_iterations = 7, num_ants = 2, evaporation_factor = 0.7:
Best found path is:
23 3 26 4 30 28 4 10 3 6 14 11 12 28 23 41 34 44 31 0 13 4 44 47 24 39 34 40 45 6 3 36 22 21 17 16 30 5 11 24 4 10 0 11 8 10 6 27 36 8 10 32 19 45 6 9 7 11 23 3 8 10 15 35 47 31 0 11 0 7 40 0 2 21 17 18 31 0 11 23 14 29 26 17 6 13 4 23 14 10 9 3 41 23 11 10 42 13 15 35 29 14 32 19 35 15 6 14 10 20 14 11 8 43 45 6 14 30 28 18 5 26 21 0 35 24 39 0 39 0 39 0 11 38 12 36 41 23 11 12 42 22 3 40 11 12 20 18 5 22 33 14 30 13 15 6 13 4 37 18 3 41 34 9 3 36 41 23 11 0 10 22 11 12 2 1 6 24 16 30 13 15 12 9 7 6 14 8 14 29 26 21 17 46 21 0 11 25

Best found path cost = 506813.0

Execution time: 596.6230478286743 seconds
263.56246304512024

For Q = 5, alpha = 0.2, beta = 0.7 , num_iterations = 7, num_ants = 5, evaporation_factor = 0.3:
Best found path is:
29 5 7 0 7 2 39 12 46 35 2 45 7 0 1 7 26 3 31 1 24 0 7 0 38 0 19 0 1 3 15 43 26 9 28 8 11 21 28 27 47 0 4 41 12 11 39 46 27 17 27 4 18 2 45 18 5 29 27 46 33 31 42 16 14 11 13 8 20 37 8 13 27 36 4 13 20 36 4 6 10 40 0 33 9 41 2 5 34 35 2 32 13 0 9 21 42 16 11 16 0 44 2 34 30 27 36 19 8 11 19 32 12 43 10 22 4 6 43 26 5 11 7 34 25 1 0 22 46 33 31 24 4 5 7 23

Best found path cost = 377287.0

Execution time: 263.56246304512024 seconds
269.75567412376404

For Q = 5, alpha = 0.2, beta = 0.7 , num_iterations = 7, num_ants = 5, evaporation_factor = 0.7:
Best found path is:
30 2 0 2 6 17 26 5 19 8 1 20 42 29 5 3 10 21 13 10 16 29 36 22 21 33 46 11 6 41 43 32 7 46 41 6 20 18 0 6 46 17 39 28 37 39 15 42 16 23 11 39 11 10 22 10 6 5 7 39 24 16 5 25 35 14 4 13 12 25 7 27 40 14 7 8 24 12 37 11 17 37 11 26 36 6 0 11 19 22 30 16 21 32 6 29 21 45 38 24 26 31 14 32 26 22 19 42 38 2 12 9 24 25 34 33 46 17 39 24 47 3 25 21 45 28 44

Best found path cost = 323671.0

Execution time: 269.75567412376404 seconds
278.132887840271

For Q = 5, alpha = 0.2, beta = 0.7 , num_iterations = 7, num_ants = 7, evaporation_factor = 0.3:
Best found path is:
18 3 0 1 3 0 8 0 1 2 41 9 23 14 22 30 45 6 43 41 23 41 23 41 23 31 11 2 24 26 42 39 19 27 30 43 17 19 46 11 38 15 24 11 20 6 7 8 13 22 11 30 15 28 47 35 17 8 31 30 43 35 15 28 9 23 33 30 27 29 36 5 29 5 29 5 22 21 10 12 24 35 19 43 26 0 37 32 14 7 8 27 17 26 42 2 0 47 35 0 5 36 5 43 17 18 36 10 0 1 2 4 13 1 34 44 11 8 0 29 43 19 45 17 18 13 1 47 24 7 40 33 39 19 22 11 2 18 36 5 36 6 7 1 47 6 17 6 41 3 4 8 0 8 7 10 12 20 4 6 43 6 38 10 0 5 36 6 17 26 15 28 0 42 33 29 16 29 16 29 5 13 12 11 20 26 15 38 8 7 1 15 19 37 28 25

Best found path cost = 410910.0

Execution time: 278.132887840271 seconds
395.9130961894989

For Q = 5, alpha = 0.2, beta = 0.7 , num_iterations = 7, num_ants = 7, evaporation_factor = 0.7:
Best found path is:
5 0 3 1 27 13 0 4 10 0 8 4 8 2 0 2 5 6 17 24 0 27 3 14 32 4 22 19 18 11 2 7 4 11 7 12 27 13 34 41 13 44 36 18 12 6 14 17 37 18 38 4 9 4 2 17 41 20 32 40 45 27 26 24 31 16 30 7 46 45 28 46 37 7 19 1 27 33 0 6 16 25 23 25 12 46 36 47 37 33 22 40 42 46 36 16 36 35 14 13 43 45 30 10 1 39 41 28 42 0 7 23 26 31 26 29 2 43 21 39 20 8 20 24 8 24 42 7 36 45 36 35 0 5 4 34 15

Best found path cost = 400053.0

Execution time: 395.9130961894989 seconds
478.2032399177551

For Q = 5, alpha = 0.7, beta = 0.3 , num_iterations = 3, num_ants = 2, evaporation_factor = 0.3:
Best found path is:
21 0 3 4 21 2 0 2 10 5 1 25 3 9 1 14 12 5 6 42 6 9 19 11 14 0 17 11 0 20 19 28 35 5 35 17 46 23 46 31 17 45 5 18 41 34 31 5 42 29 5 18 5 27 35 24 29 35 43 12 14 24 32 45 8 45 27 30 15 38 36 18 5 6 36 18 36 5 20 6 32 43 2 5 6 18 28 2 9 20 44 20 22 29 17 21 30 4 26 29 17 37 21 15 38 12 24 31 38 28 0 35 6 32 30 8 1 22 2 7 30 39 35 42 0 46 12 13 32 8 0 7 2 41 25 46 7 23 8 28 9 22 33 11 42 18 5 42 29 14 42 27 30 2 35 25 1 34 33 20 6 19 39 22 13 33 26 16 14 46 12 45 8 46 36 27 29 0 33 8 21 39 8 2 20 11 3 12 16 40 31 29 26 36 26 6 42 4 16 2 7 30 19 25 31 1 23 22 46 18 6 28 22 12 39 8 39 10 47