
------------------------------------------------------------
                     Results datasets/dantzig42_d_699.txt                               
------------------------------------------------------------
84.12436103820801

For Q = 5, alpha = 0.2, beta = 0.3 , num_iterations = 3, num_ants = 2, evaporation_factor = 0.3:
Best found path is:
20 0 2 1 0 18 17 3 0 11 3 34 12 14 0 13 26 0 3 40 15 19 3 4 9 5 17 11 6 18 38 28 24 16 20 7 28 32 4 1 32 6 3 22 5 19 15 18 9 25 10 23 38 16 22 12 18 40 10 34 11 12 1 25 26 3 0 21 26 5 8 12 37 26 37 8 38 1 25 26 30 36 18 39 4 37 1 14 12 8 30 20 32 8 38 22 7 1 35 14 28 33 15 30 21 10 30 12 21 22 2 8 36 39 13 11 5 6 5 29 8 36 10 41 16 17 2 35 19 20 28 3 5 10 20 17 30 29 16 10 9 29 39 5 28 15 27 13 21 27 37 6 18 38 36 39 2 29 40 3 21 22 21 27 6 22 21 33 9 14 31

Best found path cost = 12044.0

Execution time: 84.12436103820801 seconds
25.318844079971313

For Q = 5, alpha = 0.2, beta = 0.3 , num_iterations = 3, num_ants = 2, evaporation_factor = 0.7:
Best found path is:
18 2 6 1 0 2 6 31 32 1 8 0 19 35 17 0 1 0 34 26 6 21 38 7 22 19 20 16 14 16 12 14 23 5 7 27 2 37 24 39 10 9 16 27 23 37 24 8 5 4 22 26 6 0 11 27 35 5 7 8 36 24 11 10 6 8 3 16 14 23 37 41 0 39 27 21 29 9 2 25 0 16 31 32 28 11 10 7 8 33 38 7 27 0 8 0 7 1 7 16 2 37 3 7 22 19 10 11 10 9 12 14 16 12 14 30 11 40 37 24 19 10 7 18 2 38 33 20 0 7 27 35 8 0 19 40 9 16 27 21 9 29 9 3 16 24 16 39 3 21 29 32 12 30 8 9 16 27 13 29 12 27 35 8 2 40 15

Best found path cost = 10273.0

Execution time: 25.318844079971313 seconds
26.86324691772461

For Q = 5, alpha = 0.2, beta = 0.3 , num_iterations = 3, num_ants = 5, evaporation_factor = 0.3:
Best found path is:
32 2 1 7 4 2 21 9 8 11 40 20 25 8 1 38 29 12 26 13 14 12 8 36 5 41 0 2 23 5 21 5 9 2 32 28 0 9 11 13 14 13 10 18 12 14 35 31 9 2 32 5 19 33 35 6 24 2 4 2 30 29 33 5 15 2 23 21 5 7 16 14 13 15 21 20 2 3 2 3 39 24 2 32 40 20 22 14 35 12 24 2 32 21 3 39 16 10 8 1 28 2 20 25 26 19 25 9 2 37 4 0 34 2 35 31 4 36 11 9 0 30 3 2 32 5 25 36 27 31 30 9 6 8 1 3 11 3 6 38 14 17

Best found path cost = 7990.0

Execution time: 26.86324691772461 seconds
33.47790503501892

For Q = 5, alpha = 0.2, beta = 0.3 , num_iterations = 3, num_ants = 5, evaporation_factor = 0.7:
Best found path is:
21 0 3 0 1 12 38 0 1 39 2 1 3 4 2 1 11 17 40 23 15 29 18 11 30 39 6 22 27 3 35 18 11 28 14 21 20 2 7 8 3 2 1 25 26 3 20 26 36 33 30 33 22 36 31 41 37 26 7 16 15 0 1 0 2 28 3 2 0 8 4 24 32 33 15 11 21 5 7 25 32 29 12 22 40 0 12 15 0 29 3 16 2 35 23 30 27 28 3 24 38 37 29 32 22 35 15 36 6 1 37 2 15 19 12 3 5 22 21 25 26 38 2 26 11 8 3 8 4 39 8 7 8 1 39 34 2 4 3 39 30 5 8 7 8 7 3 27 28 27 21 5 6 29 13 38 36 9 3 30 3 8 7 18 16 11 10

Best found path cost = 9170.0

Execution time: 33.47790503501892 seconds
51.2928900718689

For Q = 5, alpha = 0.2, beta = 0.3 , num_iterations = 3, num_ants = 7, evaporation_factor = 0.3:
Best found path is:
32 1 4 24 2 0 1 5 14 39 4 6 39 37 4 3 0 38 41 10 25 11 23 20 4 1 11 10 27 2 26 20 38 39 9 17 35 27 2 14 28 33 8 4 37 27 15 37 35 23 19 5 19 4 6 9 10 9 18 10 26 14 13 15 38 37 27 6 25 24 30 29 27 22 36 7 2 3 0 30 29 3 2 4 9 18 29 37 28 26 12 11 1 13 17 14 1 2 15 21 22 16 4 31 6 39 25 34 26 14 8 30 15 6 3 4 9 25 22 26 0 1 5 14 13 17 6 38 27 5 28 10 26 0 3 26 5 9 25 24 40

Best found path cost = 8460.0

Execution time: 51.2928900718689 seconds
56.515554904937744

For Q = 5, alpha = 0.2, beta = 0.3 , num_iterations = 3, num_ants = 7, evaporation_factor = 0.7:
Best found path is:
38 0 1 0 1 3 11 6 1 10 6 4 1 7 10 1 6 19 7 4 2 6 5 7 32 26 7 40 7 23 14 41 24 10 17 16 20 29 22 29 5 10 3 4 34 1 3 28 37 39 33 39 37 8 31 40 25 3 31 9 32 12 17 39 3 19 33 30 14 4 3 20 30 35 37 4 14 9 30 9 40 36 2 15 10 24 14 23 1 39 11 34 9 12 2 29 2 0 13 39 23 11 2 18 25 38 25 3 10 14 12 10 3 41 38 14 10 28 8 27 15 6 4 6 21

Best found path cost = 8182.0

Execution time: 56.515554904937744 seconds
62.46250915527344

For Q = 5, alpha = 0.2, beta = 0.3 , num_iterations = 5, num_ants = 2, evaporation_factor = 0.3:
Best found path is:
20 6 2 0 1 7 0 14 4 35 5 37 41 5 2 24 2 24 6 1 27 31 0 4 11 19 29 5 9 40 38 7 9 36 39 40 24 8 27 9 37 3 27 26 8 12 19 31 24 34 33 35 24 34 11 0 21 23 0 14 20 30 7 41 37 21 17 37 41 5 0 1 2 26 8 24 2 14 13 35 24 0 1 7 9 16 12 29 26 19 16 25 28 38 30 7 2 10 33 35 32 15 24 8 27 30 22 5 12 30 22 39 30 13 35 23 6 33 24 35 5 28 10 33 35 5 6 5 25 37 8 24 34 33 3 8 24 8 12 16 25 1 5 12 27 5 37 11 20 30 13 12 19 16 35 23 6 2 26 7 0 18

Best found path cost = 9763.0

Execution time: 62.46250915527344 seconds
164.8431098461151

For Q = 5, alpha = 0.2, beta = 0.3 , num_iterations = 5, num_ants = 2, evaporation_factor = 0.7:
Best found path is:
39 0 1 2 6 5 7 9 7 40 25 8 4 3 20 32 8 11 28 6 7 23 22 0 21 9 19 1 35 37 33 31 7 30 7 1 16 23 18 35 18 28 11 19 39 35 13 23 15 12 28 16 33 30 31 32 12 16 35 41 22 31 29 30 16 27 20 9 22 26 14 23 0 1 24 5 28 8 23 38 12 30 40 5 10 29 13 25 35 38 27 4 5 30 38 15 17 11 1 15 9 26 39 34 36

Best found path cost = 6942.0

Execution time: 164.8431098461151 seconds
145.61065483093262

For Q = 5, alpha = 0.2, beta = 0.3 , num_iterations = 5, num_ants = 5, evaporation_factor = 0.3:
Best found path is:
2 0 2 6 30 0 1 5 26 27 25 11 23 16 28 11 6 2 4 37 26 7 20 28 22 20 28 35 20 21 3 6 30 33 12 18 17 22 19 4 10 5 23 25 8 19 15 22 20 36 14 30 22 16 30 35 10 8 32 26 27 37 40 4 36 18 7 8 32 4 9 26 16 24 9 10 23 24 2 38 2 3 29 1 22 16 3 15 19 25 8 38 28 11 10 39 7 4 6 38 2 0 17 22 32 31 21 11 33 3 29 30 33 3 20 7 28 13 22 16 4 5 13 41 20 32 26 33 11 21 34

Best found path cost = 7573.0

Execution time: 145.61065483093262 seconds
117.73340702056885

For Q = 5, alpha = 0.2, beta = 0.3 , num_iterations = 5, num_ants = 5, evaporation_factor = 0.7:
Best found path is:
16 0 1 0 2 5 2 8 4 10 19 4 5 7 0 5 21 30 12 3 20 15 21 0 15 14 25 18 0 5 3 0 30 16 9 41 35 12 36 24 20 2 17 0 15 27 40 41 12 10 3 4 19 35 5 6 26 34 2 39 7 27 26 33 31 16 39 5 4 20 17 25 34 7 23 3 23 21 36 19 34 4 6 31 11 39 31 26 19 38 34 0 26 21 11 30 26 39 29 31 30 16 21 4 0 16 31 5 37 21 17 11 32 25 22 23 1 5 0 34 32 28 13

Best found path cost = 8347.0

Execution time: 117.73340702056885 seconds
120.51021218299866

For Q = 5, alpha = 0.2, beta = 0.3 , num_iterations = 5, num_ants = 7, evaporation_factor = 0.3:
Best found path is:
26 3 0 1 8 2 22 18 15 29 32 0 30 38 32 12 0 25 28 4 3 6 30 8 13 5 6 16 21 20 35 23 18 21 17 12 2 8 2 22 11 14 15 22 41 7 2 6 4 26 23 30 17 19 28 35 9 20 3 40 1 40 41 0 1 4 38 12 32 33 5 2 5 3 33 17 3 34 27 7 10 9 24 11 37 23 7 40 28 26 18 28 2 6 8 21 20 25 0 3 10 23 18 22 10 34 28 32 35 20 34 32 1 35 0 25 36 31 10 22 9 41 26 25 34 9 27 25 7 6 5 25 30 38 39

Best found path cost = 7384.0

Execution time: 120.51021218299866 seconds
103.10058093070984

For Q = 5, alpha = 0.2, beta = 0.3 , num_iterations = 5, num_ants = 7, evaporation_factor = 0.7:
Best found path is:
30 2 0 4 6 2 7 3 6 5 3 2 24 34 6 7 6 37 3 4 6 8 31 19 22 21 31 19 17 18 10 6 9 11 10 11 0 9 8 32 26 25 5 4 24 19 8 24 12 16 32 41 11 10 6 8 9 17 27 30 31 33 8 11 35 37 2 6 41 1 0 18 17 30 41 23 29 1 5 28 20 37 40 1 2 7 6 9 39 6 33 9 3 7 24 34 36 25 38 37 2 38 3 24 12 16 13 21 19 8 7 26 21 16 5 4 7 26 21 32 14 5 4 21 8 40 41 22 17 14 15

Best found path cost = 6284.0

Execution time: 103.10058093070984 seconds
165.09508991241455

For Q = 5, alpha = 0.2, beta = 0.3 , num_iterations = 7, num_ants = 2, evaporation_factor = 0.3:
Best found path is:
17 1 3 1 5 20 11 7 3 1 9 8 2 21 31 32 34 12 7 15 37 38 39 3 5 3 19 20 24 19 15 6 30 41 30 31 19 2 5 29 2 5 32 21 33 39 32 11 9 6 8 0 8 3 1 8 2 36 23 21 13 15 12 22 11 7 15 7 19 21 13 15 37 38 23 21 18 14 40 27 7 15 37 38 10 30 27 20 23 21 6 30 25 1 8 5 14 32 9 4 33 39 28 25 23 22 26 16 20 24 25 5 14 12 15 22 3 5 3 37 30 6 1 8 1 9 27 20 23 25 21 22 3 11 9 3 21 22 30 6 30 27 7 30 27 0 8 1 35

Best found path cost = 8577.0

Execution time: 165.09508991241455 seconds
185.70272612571716

For Q = 5, alpha = 0.2, beta = 0.3 , num_iterations = 7, num_ants = 2, evaporation_factor = 0.7:
Best found path is:
40 0 2 29 36 10 2 1 34 9 29 24 9 12 4 20 7 8 16 25 37 1 5 40 37 41 10 8 36 28 7 1 5 22 13 18 36 10 2 8 3 4 22 2 3 25 23 36 27 37 41 35 8 5 34 7 11 21 0 7 3 10 8 23 17 24 28 25 7 11 19 5 40 22 9 34 32 15 4 6 0 8 39 4 41 35 34 4 26 19 18 16 10 20 26 13 14 3 25 37 13 7 3 10 20 0 2 31 36 12 19 18 16 15 20 11 3 1 12 21 0 11 21 25 22 13 38 1 27 40 2 3 27 37 24 28 23 29 24 11 15 26 13 40 37 41 6 24 22 38 28 8 3 26 4 23 29 30 9 29 34 1 22 26 7 31 36 5 8 1 36 26 13 14 3 27 40 37 25 13 25 22 40 37 33

Best found path cost = 11394.0

Execution time: 185.70272612571716 seconds
289.33370780944824

For Q = 5, alpha = 0.2, beta = 0.3 , num_iterations = 7, num_ants = 5, evaporation_factor = 0.3:
Best found path is:
4 0 6 2 17 8 12 14 22 11 26 30 34 37 30 4 24 9 22 0 9 22 25 23 2 35 21 13 18 16 13 15 26 30 12 26 9 0 4 11 30 12 25 23 15 23 9 41 1 38 21 27 31 3 25 2 35 8 7 5 18 16 4 24 9 22 0 41 38 2 7 20 24 41 40 27 16 39 36 40 39 37 8 3 21 15 8 7 5 37 10 16 36 27 28 31 34 5 6 28 4 3 19 18 27 15 26 30 28 10 7 2 8 7 5 32 27 10 14 13 18 27 31 7 41 7 3 1 19 22 25 23 24 33 25 29

Best found path cost = 7169.0

Execution time: 289.33370780944824 seconds
190.75713515281677

For Q = 5, alpha = 0.2, beta = 0.3 , num_iterations = 7, num_ants = 5, evaporation_factor = 0.7:
Best found path is:
25 0 1 0 3 1 4 38 4 8 7 2 22 18 26 34 29 8 0 7 22 2 5 9 41 6 32 3 14 34 14 37 24 0 30 20 25 28 37 1 0 19 20 26 20 21 41 31 35 1 14 40 0 6 22 7 4 3 4 2 21 6 39 3 14 20 31 26 10 0 9 8 7 35 19 9 13 17 36 18 2 25 28 14 28 32 17 3 20 6 32 6 27 9 19 17 9 29 34 33 1 33 38 28 17 34 20 7 41 11 20 2 0 20 33 27 25 15 23 33 7 41 13 33 26 2 23 25 12 7 14 16

Best found path cost = 9197.0

Execution time: 190.75713515281677 seconds
266.0896680355072

For Q = 5, alpha = 0.2, beta = 0.3 , num_iterations = 7, num_ants = 7, evaporation_factor = 0.3:
Best found path is:
26 10 1 0 2 3 0 6 0 21 9 22 17 22 9 36 8 1 13 0 29 19 30 9 8 24 7 1 22 30 1 6 37 33 34 5 1 22 17 24 7 8 12 14 38 6 25 23 30 5 3 17 24 27 9 27 35 6 4 29 4 3 35 34 22 19 28 27 0 1 0 21 22 26 32 25 31 3 6 5 6 4 0 22 29 19 25 12 14 15 22 21 9 6 25 10 37 4 41 37 36 8 12 1 5 3 7 8 1 5 38 0 8 12 8 10 9 33 5 38 5 38 5 34 31 40 25 11 9 4 8 7 32 11 10 9 10 35 34 29 5 34 29 5 23 20 25 23 24 7 17 16 5 8 7 1 3 21 9 23 24 37 39 11 10 13 23 30 29 28 5 11 10 18

Best found path cost = 8785.0

Execution time: 266.0896680355072 seconds
340.0805969238281

For Q = 5, alpha = 0.2, beta = 0.3 , num_iterations = 7, num_ants = 7, evaporation_factor = 0.7:
Best found path is:
33 3 2 0 1 0 4 23 7 32 23 21 30 19 5 0 9 12 14 11 6 15 17 7 25 22 26 28 6 32 15 31 21 10 1 16 23 7 4 16 7 25 34 36 6 13 38 2 1 0 15 17 1 8 12 16 13 0 15 32 34 38 8 10 9 18 34 36 0 38 2 16 39 23 15 36 21 3 34 31 36 31 22 41 40 2 21 10 16 15 17 1 4 2 20 21 30 3 19 5 22 41 24 35 37 29 5 6 23 26 31 26 33 5 26 28 11 26 6 4 29 5 27

Best found path cost = 7637.0

Execution time: 340.0805969238281 seconds
34.834861040115356

For Q = 5, alpha = 0.2, beta = 0.7 , num_iterations = 3, num_ants = 2, evaporation_factor = 0.3:
Best found path is:
1 0 2 0 2 11 1 0 10 0 12 1 30 3 7 5 39 2 11 36 11 33 22 4 13 2 19 37 9 23 3 14 38 21 1 4 34 13 17 1 10 20 24 6 0 4 5 39 31 6 1 7 34 24 7 29 7 34 36 25 16 41 1 9 23 32 14 17 15 13 41 7 41 16 10 3 37 4 34 8 22 17 39 7 36 29 26 9 18 28 11 1 40 13 4 13 14 13 3 35 30 0 30 41 11 30 23 3 1 5 23 41 36 34 10 25 24 3 4 11 4 7 27

Best found path cost = 8516.0

Execution time: 34.834861040115356 seconds
36.44166398048401

For Q = 5, alpha = 0.2, beta = 0.7 , num_iterations = 3, num_ants = 2, evaporation_factor = 0.7:
Best found path is:
12 0 3 0 1 4 0 2 0 31 28 2 5 22 2 16 13 6 8 3 30 41 15 6 40 4 27 23 2 27 38 25 22 15 5 7 11 14 20 15 28 0 14 7 1 28 0 3 23 21 10 38 25 34 21 16 21 16 9 19 1 3 27 28 8 2 28 24 2 34 2 36 2 3 24 9 30 29 3 17 14 24 23 16 3 30 29 24 14 40 6 40 33 6 10 16 9 37 2 14 27 28 0 29 2 0 18 24 16 22 12 35 17 12 19 3 22 24 35 37 21 27 38 30 12 1 4 23 36 40 25 40 26 37 8 36 12 4 25 37 26 0 6 36 1 2 11 28 22 13 36 11 16 32 31 0 14 17 0 31 37 8 37 4 18 27 18 26 12 2 26 36 37 27 20 0 18 22 18 20 2 3 41 37 0 12 2 19 5 10 17 29 28 25 3 24 5 37 36 1 34 9 28 33 38 5 10 4 25 5 29 28 30 3 40 4 34 15 29 19 10 30 23 20 6 13 38 32 7 38 40 0 22 15 16 10 40 19 20 10 24 5 6 8 28 18 40 5 36 40 36 4 2 13 25 0 3 40 13 39

Best found path cost = 17850.0

Execution time: 36.44166398048401 seconds
41.12167191505432

For Q = 5, alpha = 0.2, beta = 0.7 , num_iterations = 3, num_ants = 5, evaporation_factor = 0.3:
Best found path is:
31 0 1 4 2 31 32 2 22 39 2 40 1 9 38 20 4 8 21 5 31 32 15 2 39 6 28 21 31 16 21 35 33 34 23 9 27 37 11 17 38 31 28 31 24 17 32 3 41 26 25 2 22 14 12 16 17 5 4 2 3 6 21 13 24 16 0 13 26 2 10 7 9 7 9 27 33 16 34 35 0 41 36 4 5 2 6 16 9 6 3 0 41 23 37 29 36 37 32 2 0 2 6 4 22 0 39 6 5 38 7 5 27 2 27 2 22 39 7 12 19 32 1 0 20 12 33 5 32 26 18 27 5 26 25 16 14 15 2 3 30

Best found path cost = 7959.0

Execution time: 41.12167191505432 seconds
41.93287396430969

For Q = 5, alpha = 0.2, beta = 0.7 , num_iterations = 3, num_ants = 5, evaporation_factor = 0.7:
Best found path is:
41 0 1 4 8 1 6 4 16 8 3 19 18 30 8 17 14 18 20 5 39 7 23 17 13 5 3 15 16 1 0 2 13 14 34 1 14 15 36 8 25 3 21 29 7 6 11 6 10 8 35 5 11 5 35 23 25 9 14 15 2 27 18 22 23 1 15 5 34 19 2 5 32 20 10 39 4 31 6 41 20 25 37 29 18 33 32 13 17 24 8 30 39 14 11 25 39 12 11 37 13 19 10 35 38 15 28 21 20 26 37 17 21 26 9 13 30 31 40

Best found path cost = 8215.0

Execution time: 41.93287396430969 seconds
35.41206216812134

For Q = 5, alpha = 0.2, beta = 0.7 , num_iterations = 3, num_ants = 7, evaporation_factor = 0.3:
Best found path is:
15 1 0 3 18 2 9 3 6 7 16 3 0 27 3 4 11 10 1 14 8 4 31 0 1 39 17 19 33 3 6 1 19 13 37 4 1 0 4 11 7 16 8 0 37 27 9 20 21 36 38 26 5 12 8 13 41 28 30 31 29 30 5 2 3 6 10 25 33 3 12 6 2 31 39 27 11 1 39 25 27 35 34 33 38 32 36 23 26 29 25 26 8 6 37 4 1 32 5 34 35 34 37 24 20 8 0 2 3 15 6 29 0 38 40 33 3 0 14 0 6 37 38 36 3 5 3 1 30 38 40 3 0 1 27 21 22

Best found path cost = 7930.0

Execution time: 35.41206216812134 seconds
51.37088990211487

For Q = 5, alpha = 0.2, beta = 0.7 , num_iterations = 3, num_ants = 7, evaporation_factor = 0.7:
Best found path is:
23 0 1 40 21 18 13 1 33 20 22 16 34 10 11 23 35 28 41 0 9 11 8 16 15 16 34 2 8 21 29 36 5 26 12 9 2 7 34 31 3 11 23 27 13 15 2 1 0 1 18 12 30 14 4 41 3 27 3 31 24 29 20 6 31 3 8 4 36 30 24 34 33 38 11 10 13 25 26 22 25 24 32 11 20 19 40 30 21 0 41 13 19 17 9 11 35 27 31 3 7 27 7 34 6 7 19 10 21 39 9 27 32 4 8 2 11 37

Best found path cost = 7048.0

Execution time: 51.37088990211487 seconds
80.10614109039307

For Q = 5, alpha = 0.2, beta = 0.7 , num_iterations = 5, num_ants = 2, evaporation_factor = 0.3:
Best found path is:
37 0 2 0 2 4 0 40 15 7 3 2 9 16 12 8 10 2 5 0 38 29 10 16 8 37 1 30 14 13 3 27 9 8 36 2 10 30 39 20 13 15 30 27 25 15 8 37 0 3 39 9 41 27 23 32 31 16 15 18 16 6 1 35 2 34 20 29 35 34 30 33 29 9 8 3 24 17 22 18 27 22 13 12 8 30 27 40 19 9 5 10 17 12 20 27 38 11 39 5 24 28 21 5 34 1 19 26

Best found path cost = 6375.0

Execution time: 80.10614109039307 seconds
91.47856092453003

For Q = 5, alpha = 0.2, beta = 0.7 , num_iterations = 5, num_ants = 2, evaporation_factor = 0.7:
Best found path is:
34 0 1 0 1 2 3 1 34 15 5 9 12 40 0 5 0 1 39 1 39 34 0 5 6 2 30 36 28 6 31 9 27 31 7 30 21 1 0 40 34 28 37 13 16 41 3 5 23 30 8 6 4 40 36 30 27 30 36 28 37 35 0 4 2 0 37 24 17 31 12 24 1 0 1 34 28 37 13 35 3 11 2 18 30 36 30 29 32 13 3 11 10 20 26 20 21 1 4 15 33 5 32 8 13 29 31 4 0 40 14 8 31 4 15 5 24 17 2 37 28 27 16 2 0 4 8 7 8 7 17 2 3 19 21 27 18 10 8 7 8 24 17 7 41 3 1 39 1 39 38 21 22 16 36 18 10 14 15 33 25

Best found path cost = 9756.0

Execution time: 91.47856092453003 seconds
93.24136400222778

For Q = 5, alpha = 0.2, beta = 0.7 , num_iterations = 5, num_ants = 5, evaporation_factor = 0.3:
Best found path is:
9 6 4 18 15 24 27 1 4 13 29 27 21 22 30 7 16 12 2 0 8 6 10 1 33 11 33 2 41 40 41 20 24 12 28 31 32 31 37 28 2 12 15 38 33 25 21 16 30 24 26 25 23 22 25 3 11 33 2 3 25 26 12 2 4 37 22 8 7 8 5 6 34 35 18 16 13 16 10 22 30 24 22 0 40 26 38 40 36 6 5 0 7 39 6 7 28 5 8 2 11 3 25 8 6 5 8 25 7 25 23 22 25 20 3 2 6 5 21 11 20 7 18 9 24 26 22 8 5 32 35 36 5 28 5 29 6 4 10 7 8 25 26 14 39 13 17 14 19

Best found path cost = 7582.0

Execution time: 93.24136400222778 seconds
161.9438841342926

For Q = 5, alpha = 0.2, beta = 0.7 , num_iterations = 5, num_ants = 5, evaporation_factor = 0.7:
Best found path is:
9 2 4 11 2 4 7 20 19 12 26 23 7 36 11 17 20 9 11 10 2 22 20 19 4 5 39 41 12 15 16 15 16 20 19 16 3 25 9 23 7 8 7 25 27 38 25 12 24 21 22 4 28 22 5 34 36 26 23 16 25 0 2 3 37 21 22 5 4 28 3 19 35 19 17 19 29 0 16 25 10 14 15 2 6 23 14 11 40 3 37 34 31 19 17 15 16 7 0 9 3 29 18 19 29 24 37 0 33 19 16 25 10 23 7 9 25 39 15 22 4 6 5 31 41 28 8 5 29 19 17 8 41 26 23 13 7 3 39 12 9 3 17 15 22 33 36 7 8 11 28 37 9 2 10 8 31 5 25 39 3 2 4 37 23 3 17 20 19 3 0 1 0 1 5 40 3 2 9 28 29 26 23 16 25 26 23 31 28 1 0 33 3 28 35 24 21 30 1 5 4 27 32

Best found path cost = 10778.0

Execution time: 161.9438841342926 seconds
75.81613302230835

For Q = 5, alpha = 0.2, beta = 0.7 , num_iterations = 5, num_ants = 7, evaporation_factor = 0.3:
Best found path is:
26 3 0 1 2 7 16 2 0 1 22 21 22 20 19 38 39 20 22 17 3 4 28 5 28 31 12 15 18 33 36 38 35 25 19 38 37 38 6 8 2 1 2 1 9 19 7 32 1 37 38 20 21 2 1 16 12 10 26 25 27 20 15 23 12 10 6 7 38 39 3 1 9 13 14 9 24 9 6 22 15 16 21 9 24 6 3 35 25 35 5 24 11 9 16 0 1 0 26 27 29 7 34 38 27 1 0 39 21 1 7 32 0 10 20 29 13 11 31 41 1 0 37 33 20 21 22 15 9 19 7 32 1 39 5 41 34 38 27 34 40 29 27 30

Best found path cost = 7695.0

Execution time: 75.81613302230835 seconds
80.52734184265137

For Q = 5, alpha = 0.2, beta = 0.7 , num_iterations = 5, num_ants = 7, evaporation_factor = 0.7:
Best found path is:
15 0 1 0 1 2 30 5 8 7 24 29 7 39 28 13 0 1 41 20 3 1 40 9 21 39 19 35 25 40 39 38 3 4 34 27 21 38 5 11 17 6 26 8 9 13 10 19 16 18 20 37 39 32 26 21 22 2 30 10 37 2 30 4 2 6 0 38 5 34 36 30 1 2 20 41 1 0 2 31 32 29 5 7 9 22 21 38 30 1 31 27 4 2 9 3 23 31 27 11 17 7 15 7 6 0 17 6 13 19 3 8 9 7 6 1 41 1 2 35 16 20 4 27 38 0 40 24 25 26 16 35 31 20 4 3 1 4 6 12 24 25 5 4 2 14 25 26 8 38 4 6 33

Best found path cost = 8420.0

Execution time: 80.52734184265137 seconds
114.56660103797913

For Q = 5, alpha = 0.2, beta = 0.7 , num_iterations = 7, num_ants = 2, evaporation_factor = 0.3:
Best found path is:
23 0 2 1 0 15 24 2 27 23 1 15 7 2 36 13 2 1 13 7 14 3 31 7 21 31 30 29 13 17 18 30 36 38 27 8 11 2 31 17 23 8 22 37 34 9 11 27 16 24 37 17 23 25 34 21 15 14 21 2 35 26 13 16 11 33 1 21 6 4 39 11 40 1 8 33 22 4 2 20 1 33 8 19 32 24 37 19 24 33 26 4 22 14 12 28 35 39 23 25 31 30 9 31 3 28 5 10 33 4 20 41

Best found path cost = 7884.0

Execution time: 114.56660103797913 seconds
196.3731451034546

For Q = 5, alpha = 0.2, beta = 0.7 , num_iterations = 7, num_ants = 2, evaporation_factor = 0.7:
Best found path is:
17 25 10 1 28 23 11 3 10 1 25 21 29 39 4 2 29 24 0 41 7 12 7 12 38 20 25 11 34 39 11 41 3 10 28 25 11 3 28 25 28 31 0 7 21 29 28 19 32 6 2 3 41 3 10 33 30 31 37 17 26 20 14 2 13 25 21 18 10 41 3 28 23 30 15 3 7 0 1 27 32 22 15 31 3 11 15 4 21 27 28 35 6 24 36 2 9 22 36 38 7 14 2 14 28 19 32 28 35 16 40 39 8 32 20 5

Best found path cost = 7849.0

Execution time: 196.3731451034546 seconds
155.93787384033203

For Q = 5, alpha = 0.2, beta = 0.7 , num_iterations = 7, num_ants = 5, evaporation_factor = 0.3:
Best found path is:
3 0 3 4 11 16 7 15 8 7 8 7 5 7 8 29 30 32 3 0 3 0 20 7 36 32 16 26 29 9 17 4 9 39 5 30 5 8 6 25 10 9 33 1 32 5 24 3 2 7 40 9 20 16 17 32 27 22 20 7 36 11 38 18 35 4 8 23 31 33 3 40 9 17 13 14 29 41 1 20 3 5 16 7 4 20 16 18 39 32 36 0 41 25 26 9 3 0 36 40 38 37 6 1 6 16 21 0 3 30 35 14 25 22 20 31 33 32 27 22 18 13 16 8 7 6 34 2 6 1 25 31 33 26 9 21 6 37 4 9 1 7 8 39 5 23 17 4 2 1 7 6 0 19 12 7 29 12 28

Best found path cost = 8760.0

Execution time: 155.93787384033203 seconds
167.4038941860199

For Q = 5, alpha = 0.2, beta = 0.7 , num_iterations = 7, num_ants = 5, evaporation_factor = 0.7:
Best found path is:
18 0 8 0 8 9 2 5 6 2 3 11 5 29 2 8 10 14 4 3 1 20 26 22 35 8 30 33 5 21 29 19 8 0 27 15 20 6 7 20 19 11 40 1 36 34 8 19 14 25 3 12 9 22 0 9 28 26 19 22 31 33 4 11 5 6 29 6 2 37 41 14 26 13 8 34 38 30 32 33 11 14 17 0 5 3 27 8 7 24 38 23 4 39 4 1 11 6 24 35 0 9 31 2 9 23 24 23 16

Best found path cost = 6438.0

Execution time: 167.4038941860199 seconds
186.68552780151367

For Q = 5, alpha = 0.2, beta = 0.7 , num_iterations = 7, num_ants = 7, evaporation_factor = 0.3:
Best found path is:
8 0 1 3 2 5 6 13 4 0 12 19 23 10 9 22 17 14 7 8 41 5 3 39 16 10 20 21 9 2 29 2 3 5 2 1 3 41 38 6 40 24 15 6 14 13 33 37 23 16 23 6 8 4 17 22 24 25 21 31 2 35 32 10 22 7 20 29 32 8 7 22 3 20 28 39 12 25 31 34 33 1 37 39 4 7 39 19 12 2 5 37 35 3 11 30 20 22 36 35 18 28 32 41 26 21 41 3 11 33 36 22 17 22 11 30 19 22 12 35 12 28 19 4 28 14 16 21 27

Best found path cost = 7741.0

Execution time: 186.68552780151367 seconds
196.43554496765137

For Q = 5, alpha = 0.2, beta = 0.7 , num_iterations = 7, num_ants = 7, evaporation_factor = 0.7:
Best found path is:
29 4 3 0 1 2 12 25 32 3 10 9 38 2 3 33 38 3 10 0 2 13 3 5 1 12 21 23 4 34 25 24 25 24 39 26 6 5 4 12 31 28 29 5 12 31 29 9 20 19 3 26 22 16 27 0 40 0 5 24 23 8 7 30 27 15 22 36 23 30 4 6 7 6 12 11 2 29 22 13 25 23 30 40 0 11 16 15 25 6 7 11 15 22 5 6 0 34 14 17 18 19 13 21 7 30 8 24 9 2 7 0 3 22 8 26 19 16 15 1 32 37 41 26 6 5 4 37 35

Best found path cost = 6610.0

Execution time: 196.43554496765137 seconds
66.3313159942627

For Q = 5, alpha = 0.7, beta = 0.3 , num_iterations = 3, num_ants = 2, evaporation_factor = 0.3:
Best found path is:
28 5 9 6 2 4 38 4 6 3 2 39 25 26 25 8 6 3 2 6 34 33 30 4 5 9 22 21 0 2 4 11 14 15 10 25 26 25 41 10 25 26 25 38 30 32 31 32 31 32 23 24 23 27 28 31 32 23 41 2 25 26 25 26 25 26 33 15 10 21 0 1 0 40 0 1 0 30 0 1 0 40 0 1 24 12 18 16 13 14 9 23 1 0 1 2 39 6 24 10 9 23 24 7 11 30 32 16 23 6 2 36 40 1 0 40 0 1 0 40 3 4 5 33 30 3 20 22 21 19 20 34 6 5 4 8 39 3 36 35 29 20 34 33 6 3 4 7 6 3 2 4 5 33 24 7 40 0 3 2 25 12 19 20 22 15 13 14 9 12 26 30 25 26 25 26 25 26 25 26 39 8 9 7 6 3 4 38 4 38 4 29 20 26 25 26 33 7 3 4 6 34 33 7 11 24 3 39 37 38 4 6 5 4 37 38 28 5 33 6 5 9 11 24 40 0 1 7 3 39 37 38 4 5 41 10 9 7 3 36 35 8 6 36 8 6 2 40 0 40 3 2 35 2 35 9 23 26 39 3 27 29 31 2 9 23 17

Best found path cost = 8582.0

Execution time: 66.3313159942627 seconds
51.37089014053345

For Q = 5, alpha = 0.7, beta = 0.3 , num_iterations = 3, num_ants = 2, evaporation_factor = 0.7:
Best found path is:
25 9 23 26 6 5 2 5 6 9 30 5 1 40 1 16 41 0 40 0 41 0 2 4 39 1 0 41 40 0 1 41 0 41 40 1 41 0 40 38 5 28 41 40 0 41 40 0 41 0 40 0 41 0 40 0 1 0 1 40 0 40 0 1 0 26 24 23 26 24 23 32 10 37 36 37 33 30 5 32 7 26 27 31 29 23 9 15 14 13 11 9 5 36 37 36 39 4 8 6 25 26 24 23 26 22 21 22 23 29 33 29 23 2 4 3 6 5 6 5 6 25 26 24 8 11 7 35 33 15 7 6 9 4 39 1 0 40 1 41 40 41 0 40 0 1 41 40 41 0 41 40 1 40 0 41 0 1 0 1 0 41 40 0 1 40 38 39 36 6 5 36 37 39 25 9 30 11 21 22 21 22 21 22 15 25 26 28 29 19 17 12 15 28 41 0 40 0 40 0 1 40 0 41 34 33 38 1 3 18 6 8 7 35 36 34 33 38 39 38 39 38 1 3 0 1 0 6 3 28 26 31 29 3 5 22 21 12 22 21 22 2 20

Best found path cost = 6154.0

Execution time: 51.37089014053345 seconds
100.6981770992279

For Q = 5, alpha = 0.7, beta = 0.3 , num_iterations = 3, num_ants = 5, evaporation_factor = 0.3:
Best found path is:
24 0 1 0 2 6 41 40 0 40 38 39 32 34 35 0 40 0 1 0 3 33 7 8 6 5 19 9 6 5 34 41 40 0 37 38 2 36 41 15 13 14 28 29 28 38 35 0 40 41 40 0 40 0 1 0 40 38 39 38 39 38 39 38 33 24 26 25 23 25 30 23 28 27 11 20 18 27 11 21 22 10 11 10 21 9 23 36 19 15 18 17 15 9 23 39 32 31 11 20 25 5 6 5 7 3 11 10 14 18 27 5 6 11 10 11 38 39 2 0 40 0 1 0 3 34 35 39 38 37 3 2 3 38 39 7 2 3 39 5 10 11 38 39 7 24 22 25 24 18 17 16 12 5 6 7 6 4

Best found path cost = 5217.0

Execution time: 100.6981770992279 seconds
233.84441089630127

For Q = 5, alpha = 0.7, beta = 0.3 , num_iterations = 3, num_ants = 5, evaporation_factor = 0.7:
Best found path is:
11 0 1 3 8 15 12 23 2 8 11 1 3 8 2 21 18 11 39 0 2 23 36 26 27 15 19 25 8 35 5 36 23 11 32 34 35 19 20 18 29 2 37 39 38 35 31 27 1 40 19 26 30 25 4 5 26 4 2 22 23 25 22 1 33 8 7 9 22 24 7 5 2 32 2 8 23 26 23 18 5 6 36 41 0 1 6 8 6 7 21 16 10 31 32 20 5 2 15 8 32 7 32 33 28 7 2 3 4 15 21 8 11 7 33 8 3 35 14 29 16 32 34 33 26 25 26 13 6 41 0 12 7 6 34 5 40 8 10 11 23 17

Best found path cost = 7329.0

Execution time: 233.84441089630127 seconds
304.4501349925995

For Q = 5, alpha = 0.7, beta = 0.3 , num_iterations = 3, num_ants = 7, evaporation_factor = 0.3:
Best found path is:
6 0 1 41 1 41 0 41 1 3 12 13 14 30 17 16 5 2 3 6 5 34 28 33 36 4 8 34 36 4 7 6 5 34 4 8 19 18 17 10 11 16 22 26 2 3 2 24 23 5 33 23 5 23 3 5 6 7 22 21 22 21 22 21 4 31 33 23 20 19 18 19 18 17 16 22 21 39 37 29 30 31 29 30 38 37 13 14 16 22 6 0 1 4 25 28 31 29 31 21 22 26 25 31 33 35 30 31 30 31 27 20 21 19 22 21 22 21 25 29 11 10 8 39 36 2 6 37 38 4 3 5 6 5 3 38 4 39 2 6 2 7 22 10 11 1 41 0 40 0 40 1 40 41 0 1 40 0 41 0 39 38 39 1 3 6 5 6 3 38 37 34 5 38 4 25 15 16 22 21 22 21 22 32 8 2 0 40 0 3 6 5 6 2 3 24 23 22 21 4 3 6 5 36 35 10 0 41 16 17 16 22 6 2 6 3 6 5 6 8 34 35 5 1 40 0 40 0 41 0 1 0 40 0 41 0 41 4 38 4 37 24 23 9