
------------------------------------------------------------
                     Results datasets/dantzig42_d_699.txt                               
------------------------------------------------------------
100.40074300765991

For Q = 5, alpha = 0.7, beta = 0.7 , num_iterations = 3, num_ants = 2, evaporation_factor = 0.3:
Best found path is:
32 0 4 1 0 2 4 10 36 13 15 3 4 0 22 10 9 14 1 0 8 18 35 36 35 2 3 4 31 5 6 7 3 38 39 6 37 4 26 2 39 38 36 6 34 5 21 31 25 34 7 33 26 12 24 31 30 25 26 20 36 34 38 31 34 0 18 15 12 18 12 27 29 28 27 31 1 40 28 32 13 25 33 35 16 11 10 23 18 12 33 37 7 5 17 13 3 23 25 40 7 9 22 21 16 24 28 31 33 20 28 30 8 7 19 11 31 2 40 41

Best found path cost = 6420.0

Execution time: 100.40074300765991 seconds
266.02756118774414

For Q = 5, alpha = 0.7, beta = 0.7 , num_iterations = 3, num_ants = 5, evaporation_factor = 0.3:
Best found path is:
37 0 1 23 1 7 8 35 14 19 7 20 39 34 11 18 22 15 2 13 8 9 30 5 21 10 2 3 36 37 39 35 38 0 9 8 6 5 36 4 7 1 36 35 28 6 40 41 40 33 35 32 37 39 0 25 2 10 16 41 34 7 1 6 5 6 22 16 35 16 17 23 25 35 32 18 32 6 5 0 41 0 40 21 29 28 16 31 35 19 13 3 33 23 11 0 40 41 9 5 34 36 32 23 24 28 27 12 31 5 6 5 7 10 41 23 16 41 33 4 39 24 22 17 19 3 39 26

Best found path cost = 7099.0

Execution time: 266.02756118774414 seconds
404.53418588638306

For Q = 5, alpha = 0.7, beta = 0.7 , num_iterations = 5, num_ants = 2, evaporation_factor = 0.3:
Best found path is:
10 7 2 7 5 25 6 4 5 40 6 27 2 3 7 4 5 25 6 22 10 7 5 6 5 6 2 4 6 5 6 5 6 5 6 5 6 22 9 40 38 6 4 5 6 5 25 26 4 29 27 25 26 25 7 3 36 34 20 27 16 15 17 16 15 17 13 14 19 30 29 30 29 30 7 4 5 6 5 3 2 7 8 30 29 14 18 16 15 17 15 17 15 17 13 12 11 10 23 24 25 33 34 20 1 38 37 34 33 8 7 8 24 25 6 24 15 17 16 13 14 19 5 6 5 40 38 37 34 33 8 3 2 8 7 2 4 29 1 2 35 30 25 27 2 7 5 6 7 41 1 0 1 2 4 6 4 5 6 7 3 8 24 25 26 8 3 2 4 10 23 24 25 26 16 15 17 16 13 14 19 5 35 36 34 36 34 33 34 33 34 33 25 26 25 26 25 9 11 10 21 22 21 2 36 34 36 34 33 34 36 4 10 11 18 16 23 24 25 26 9 11 7 8 24 25 9 36 34 36 5 6 7 39 33 34 33 34 33 8 2 7 3 5 6 7 8 24 25 33 37 33 34 20 16 15 17 15 17 16 15 31 32 7 39 38 37 33 34 33 37 28

Best found path cost = 7509.0

Execution time: 404.53418588638306 seconds
2153.9113829135895

For Q = 5, alpha = 0.7, beta = 0.7 , num_iterations = 5, num_ants = 5, evaporation_factor = 0.3:
Best found path is:
3 2 3 4 5 6 8 4 7 8 7 19 18 31 5 7 2 3 24 25 24 10 11 10 11 22 15 11 23 9 8 7 24 25 21 22 15 7 8 12 16 22 21 36 35 34 31 29 39 2 3 23 25 26 23 6 8 4 2 7 8 2 33 30 28 29 30 35 34 33 30 29 1 0 1 0 41 0 1 0 40 41 1 0 40 0 40 41 0 1 0 41 0 40 27 31 32 28 27 25 26 5 8 38 39 35 34 37 39 37 39 32 2 5 8 3 4 37 36 1 0 40 1 41 39 35 33 36 34 38 2 7 8 21 22 21 22 21 22 12 15 16 15 4 37 36 8 5 30 29 23 25 26 30 29 28 27 25 6 5 6 3 2 3 4 3 2 3 4 8 30 29 23 25 24 25 26 5 6 9 12 6 28 27 25 26 23 25 21 24 23 25 22 21 22 12 15 20 21 22 12 16 14 13 17

Best found path cost = 4963.0

Execution time: 2153.9113829135895 seconds
