
------------------------------------------------------------
                     Results datasets/fri26_d.txt                               
------------------------------------------------------------
4.586408853530884

For Q = 5, alpha = 0.2, beta = 0.3 , num_iterations = 3, num_ants = 2, evaporation_factor = 0.3:
Best found path is:
16 4 0 3 7 1 0 14 21 11 23 12 16 4 9 4 3 0 2 5 9 17 0 3 13 15 3 1 0 1 7 6 1 0 14 21 7 11 9 4 0 1 5 19 2 8 12 9 25 18 19 6 1 7 15 3 22 20 17 1 7 20 10 24

Best found path cost = 6086.0

Execution time: 4.586408853530884 seconds
31.418455123901367

For Q = 5, alpha = 0.2, beta = 0.3 , num_iterations = 3, num_ants = 2, evaporation_factor = 0.7:
Best found path is:
3 2 0 1 13 10 4 3 2 15 25 1 20 15 5 6 15 25 5 24 11 13 10 3 5 24 14 8 12 1 16 17 0 24 9 23 6 15 25 7 5 13 11 6 16 15 24 18 25 19 17 0 11 1 12 2 1 3 5 6 21 16 15 24 9 20 24 16 10 22

Best found path cost = 6695.0

Execution time: 31.418455123901367 seconds
22.105238914489746

For Q = 5, alpha = 0.2, beta = 0.3 , num_iterations = 3, num_ants = 5, evaporation_factor = 0.3:
Best found path is:
6 0 1 0 8 10 7 22 24 3 6 1 10 0 24 14 12 8 2 1 14 9 12 21 24 1 5 2 0 2 4 9 12 7 11 1 4 5 14 13 16 18 7 22 25 7 18 21 23 19 0 2 6 12 18 15 16 20 12 21 14 15 17

Best found path cost = 5266.0

Execution time: 22.105238914489746 seconds
14.196023941040039

For Q = 5, alpha = 0.2, beta = 0.3 , num_iterations = 3, num_ants = 5, evaporation_factor = 0.7:
Best found path is:
9 0 1 10 14 11 1 0 3 13 5 4 3 2 13 10 8 6 14 12 1 6 9 25 20 15 9 12 13 1 7 2 5 3 4 3 19 0 7 23 22 17 14 17 19 18 7 8 5 19 15 22 19 0 21 22 0 13 2 0 8 4 1 11 7 8 6 5 3 25 13 1 24 8 11 7 3 8 16

Best found path cost = 6303.0

Execution time: 14.196023941040039 seconds
12.277222156524658

For Q = 5, alpha = 0.2, beta = 0.3 , num_iterations = 3, num_ants = 7, evaporation_factor = 0.3:
Best found path is:
18 0 6 1 9 5 7 8 11 4 9 6 14 11 0 21 2 12 24 13 18 10 2 16 0 1 8 6 15 14 18 8 9 7 2 3 12 5 20 17 25 8 15 23 15 18 16 22 6 22 0 23 25 9 10 19

Best found path cost = 5248.0

Execution time: 12.277222156524658 seconds
10.327217817306519

For Q = 5, alpha = 0.2, beta = 0.3 , num_iterations = 3, num_ants = 7, evaporation_factor = 0.7:
Best found path is:
16 0 1 2 0 1 2 3 4 5 8 6 10 16 21 20 25 11 16 13 25 15 9 24 23 10 7 17 11 2 0 6 4 12 4 2 10 16 17 21 14 1 8 17 14 5 2 24 17 18 15 9 6 2 25 17 11 25 22 8 22 19

Best found path cost = 4936.0

Execution time: 10.327217817306519 seconds
20.280035972595215

For Q = 5, alpha = 0.2, beta = 0.3 , num_iterations = 5, num_ants = 2, evaporation_factor = 0.3:
Best found path is:
18 11 12 6 1 14 4 5 3 1 0 10 9 7 10 12 11 12 9 4 3 12 9 22 17 24 20 1 8 25 22 19 14 23 16 11 8 7 10 9 11 12 9 7 3 6 14 19 1 8 0 10 12 11 5 10 9 4 3 6 1 21 2 3 6 3 24 25 6 14 12 6 10 12 14 11 14 23 16 11 5 3 6 14 2 23 0 10 9 5 4 12 9 5 8 9 14 13 5 0 10 9 13 5 7 3 6 5 3 13 17 9 5 20 4 5 4 6 0 16 11 18 15

Best found path cost = 9005.0

Execution time: 20.280035972595215 seconds
20.03043508529663

For Q = 5, alpha = 0.2, beta = 0.3 , num_iterations = 5, num_ants = 2, evaporation_factor = 0.7:
Best found path is:
12 0 2 3 2 19 14 20 8 2 16 24 12 2 16 14 18 24 4 5 10 2 3 6 1 6 15 1 2 23 24 8 14 25 18 0 9 5 3 9 12 15 8 14 12 3 2 0 15 23 25 18 24 23 4 5 3 9 12 15 1 13 21 23 17 11 12 0 22 1 23 11 0 2 8 14 20 11 24 9 3 9 5 9 7

Best found path cost = 8001.0

Execution time: 20.03043508529663 seconds
29.281250953674316

For Q = 5, alpha = 0.2, beta = 0.3 , num_iterations = 5, num_ants = 5, evaporation_factor = 0.3:
Best found path is:
21 1 0 12 5 4 24 3 14 13 14 19 17 7 21 2 25 10 1 7 24 8 18 19 13 1 0 12 11 12 1 5 12 1 0 2 25 21 1 9 14 13 14 9 13 8 20 13 14 9 14 6 1 5 4 6 5 8 10 1 0 2 9 4 22 5 23 2 9 14 3 2 1 13 14 13 14 6 1 14 8 1 14 8 15 10 16

Best found path cost = 6969.0

Execution time: 29.281250953674316 seconds
19.640434980392456

For Q = 5, alpha = 0.2, beta = 0.3 , num_iterations = 5, num_ants = 5, evaporation_factor = 0.7:
Best found path is:
10 1 6 7 2 1 14 11 12 0 4 3 0 5 14 3 10 6 7 3 8 2 3 7 16 18 0 1 0 4 5 22 15 0 1 6 22 13 10 23 1 0 1 14 17 7 3 4 6 19 16 25 19 16 20 12 20 12 21 14 18 21 9 11 17 24

Best found path cost = 5742.0

Execution time: 19.640434980392456 seconds
49.264886140823364

For Q = 5, alpha = 0.2, beta = 0.3 , num_iterations = 5, num_ants = 7, evaporation_factor = 0.3:
Best found path is:
24 0 1 3 4 20 12 1 9 0 1 25 17 7 9 7 0 9 7 11 4 2 1 17 16 21 3 5 9 17 25 4 14 13 19 12 25 0 2 5 7 11 22 18 0 3 22 6 2 10 15 8 5 18 5 3 23

Best found path cost = 5530.0

Execution time: 49.264886140823364 seconds
30.66965389251709

For Q = 5, alpha = 0.2, beta = 0.3 , num_iterations = 5, num_ants = 7, evaporation_factor = 0.7:
Best found path is:
5 1 0 1 5 14 7 3 0 1 0 2 3 19 3 4 15 9 19 12 10 5 17 9 5 14 7 11 8 25 17 16 10 12 22 17 21 20 1 0 7 3 19 15 23 6 7 6 2 18 6 19 15 24 9 18 6 10 14 9 17 10 6 24 9 12 10 12 10 2 13

Best found path cost = 5826.0

Execution time: 30.66965389251709 seconds
17.550030946731567

For Q = 5, alpha = 0.2, beta = 0.3 , num_iterations = 7, num_ants = 2, evaporation_factor = 0.3:
Best found path is:
20 0 9 15 6 8 18 24 20 10 2 0 4 11 25 8 24 15 4 5 6 8 18 12 4 13 15 6 4 3 5 23 4 5 15 23 4 0 1 14 2 7 15 21 18 12 21 18 12 4 5 9 1 17 19 22 16

Best found path cost = 5109.0

Execution time: 17.550030946731567 seconds
30.03005313873291

For Q = 5, alpha = 0.2, beta = 0.3 , num_iterations = 7, num_ants = 2, evaporation_factor = 0.7:
Best found path is:
16 7 5 6 4 9 10 13 12 10 12 1 9 13 12 21 24 15 7 15 8 9 10 12 10 12 10 13 2 3 6 17 19 23 20 1 7 15 0 1 7 5 3 6 19 6 22 25 18 10 12 6 17 19 4 20 1 5 14 3 6 13 12 10 12 21 24 15 8 11

Best found path cost = 4652.0

Execution time: 30.03005313873291 seconds
47.12768292427063

For Q = 5, alpha = 0.2, beta = 0.3 , num_iterations = 7, num_ants = 5, evaporation_factor = 0.3:
Best found path is:
3 0 1 0 6 3 5 2 5 4 5 2 5 8 10 9 13 21 15 5 2 3 18 25 15 14 0 2 3 1 12 5 8 7 15 11 10 22 23 11 0 15 18 14 4 9 2 5 4 3 18 12 3 1 0 24 5 4 3 1 11 1 12 2 12 2 9 2 9 15 8 6 20 21 15 0 2 5 16 17 21 9 12 7 6 3 6 13 15 7 3 17 19

Best found path cost = 6509.0

Execution time: 47.12768292427063 seconds
56.534499168395996

For Q = 5, alpha = 0.2, beta = 0.3 , num_iterations = 7, num_ants = 5, evaporation_factor = 0.7:
Best found path is:
21 6 0 1 4 5 6 14 21 16 15 14 0 23 0 1 4 5 0 20 10 9 2 16 0 8 11 7 10 24 7 16 20 17 18 19 5 12 14 6 21 16 20 10 16 20 17 13 10 12 14 10 13 11 7 18 19 24 14 16 25 11 10 6 5 12 14 10 4 16 0 1 3 13 3 6 5 4 22

Best found path cost = 6117.0

Execution time: 56.534499168395996 seconds
74.6149308681488

For Q = 5, alpha = 0.2, beta = 0.3 , num_iterations = 7, num_ants = 7, evaporation_factor = 0.3:
Best found path is:
2 0 1 3 8 15 8 9 12 3 8 5 18 12 25 21 7 14 3 22 0 16 8 15 1 22 5 4 1 9 6 8 15 1 5 0 18 8 4 1 22 11 10 4 20 11 15 18 17 5 6 1 6 2 12 24 0 1 23 22 19 7 14 3 2 1 2 1 6 14 4 13

Best found path cost = 6289.0

Execution time: 74.6149308681488 seconds
51.745290994644165

For Q = 5, alpha = 0.2, beta = 0.3 , num_iterations = 7, num_ants = 7, evaporation_factor = 0.7:
Best found path is:
6 0 1 2 4 0 3 14 24 2 9 12 0 17 9 10 14 5 19 11 25 10 9 17 20 2 13 11 2 17 21 24 6 12 0 7 3 2 18 22 16 6 3 14 2 13 7 12 19 15 22 8 11 12 23

Best found path cost = 5015.0

Execution time: 51.745290994644165 seconds
7.035612106323242

For Q = 5, alpha = 0.2, beta = 0.7 , num_iterations = 3, num_ants = 2, evaporation_factor = 0.3:
Best found path is:
0 1 0 3 0 1 4 5 2 10 1 3 1 3 7 12 15 1 16 4 0 6 12 6 3 24 13 0 9 13 11 22 18 10 4 0 15 9 24 7 2 6 3 9 25 3 19 5 19 15 17 22 20 16 4 6 20 17 10 14 18 21 9 22 16 23 12 25 7 6 11 8

Best found path cost = 6899.0

Execution time: 7.035612106323242 seconds
4.430408000946045

For Q = 5, alpha = 0.2, beta = 0.7 , num_iterations = 3, num_ants = 2, evaporation_factor = 0.7:
Best found path is:
22 1 2 0 4 10 1 2 14 22 13 11 10 0 2 17 13 14 2 17 15 10 1 7 21 0 16 14 13 14 2 16 20 25 15 3 0 1 4 21 15 23 19 14 10 0 1 24 11 10 1 12 8 25 21 0 1 24 19 5 0 6 1 13 11 14 2 3 2 14 13 6 3 8 11 10 23 1 24 13 2 18 9

Best found path cost = 7770.0

Execution time: 4.430408000946045 seconds
8.845215797424316

For Q = 5, alpha = 0.2, beta = 0.7 , num_iterations = 3, num_ants = 5, evaporation_factor = 0.3:
Best found path is:
4 0 3 1 2 1 6 4 6 5 23 2 11 15 22 18 4 13 21 23 12 25 18 9 14 19 12 3 21 3 1 25 17 0 7 13 7 4 19 24 4 10 8 15 16 14 19 6 2 7 15 2 4 17 14 1 24 7 17 12 6 15 20

Best found path cost = 6436.0

Execution time: 8.845215797424316 seconds
10.764018058776855

For Q = 5, alpha = 0.2, beta = 0.7 , num_iterations = 3, num_ants = 5, evaporation_factor = 0.7:
Best found path is:
1 0 1 0 1 4 2 5 8 2 6 1 5 3 7 20 15 4 0 4 9 10 13 18 13 6 10 2 14 8 5 2 10 22 15 8 20 21 13 9 11 8 17 18 11 5 3 8 7 4 17 16 21 23 12 15 19 15 9 8 20 11 10 22 25 15 6 9 3 1 25 20 18 24

Best found path cost = 5366.0

Execution time: 10.764018058776855 seconds
10.530019044876099

For Q = 5, alpha = 0.2, beta = 0.7 , num_iterations = 3, num_ants = 7, evaporation_factor = 0.3:
Best found path is:
18 0 1 0 7 22 1 8 4 0 2 6 16 21 17 3 0 2 11 4 13 5 6 0 5 9 8 9 18 9 25 6 18 20 11 18 4 13 14 0 2 3 0 2 25 0 4 15 19 16 21 19 24 12 15 23 0 10

Best found path cost = 5729.0

Execution time: 10.530019044876099 seconds
9.328815937042236

For Q = 5, alpha = 0.2, beta = 0.7 , num_iterations = 3, num_ants = 7, evaporation_factor = 0.7:
Best found path is:
20 0 1 4 6 1 0 11 1 3 14 22 0 19 0 17 2 15 16 21 20 12 25 14 23 9 13 22 15 5 15 13 12 15 6 20 21 2 10 8 15 18 13 10 5 4 11 8 23 21 10 18 8 11 12 7 24

Best found path cost = 5306.0

Execution time: 9.328815937042236 seconds
35.24046206474304

For Q = 5, alpha = 0.2, beta = 0.7 , num_iterations = 5, num_ants = 2, evaporation_factor = 0.3:
Best found path is:
19 0 1 0 2 13 4 0 6 5 8 21 1 6 4 9 17 2 9 15 14 12 25 1 23 9 0 1 11 10 18 8 17 19 2 24 25 7 4 14 20 22 3 16

Best found path cost = 4397.0

Execution time: 35.24046206474304 seconds
47.70488405227661

For Q = 5, alpha = 0.2, beta = 0.7 , num_iterations = 5, num_ants = 2, evaporation_factor = 0.7:
Best found path is:
3 0 1 0 3 1 2 21 17 3 2 5 15 1 2 8 14 2 11 5 10 1 7 2 13 20 18 8 4 11 5 9 10 3 9 4 17 20 7 12 9 1 7 15 7 16 4 12 13 23 2 21 19 9 4 25 14 2 9 1 4 5 10 14 12 13 14 9 17 6 5 12 9 3 25 11 4 19 4 7 18 5 25 24 3 7 2 8 12 2 3 1 18 0 1 4 9 24 19 25 21 10 14 25 15 13 22

Best found path cost = 9352.0

Execution time: 47.70488405227661 seconds
20.67003607749939

For Q = 5, alpha = 0.2, beta = 0.7 , num_iterations = 5, num_ants = 5, evaporation_factor = 0.3:
Best found path is:
13 1 0 1 0 2 5 4 7 8 12 17 19 0 2 3 1 12 11 13 23 21 22 21 0 3 4 15 13 1 9 24 8 14 5 3 4 2 4 20 23 25 11 13 14 5 4 0 16 10 0 16 10 25 1 12 10 2 5 1 5 3 13 6 1 12 13 5 1 0 1 2 4 18

Best found path cost = 5660.0

Execution time: 20.67003607749939 seconds
45.64567995071411

For Q = 5, alpha = 0.2, beta = 0.7 , num_iterations = 5, num_ants = 5, evaporation_factor = 0.7:
Best found path is:
10 3 1 0 1 4 3 15 13 25 0 6 16 9 2 20 4 23 24 7 1 15 25 11 9 3 12 7 8 17 24 8 9 3 12 18 14 9 12 7 4 13 19 15 21 1 9 14 9 2 1 4 13 3 5 1 6 17 21 15 25 0 6 16 3 4 10 25 11 5 0 5 4 22

Best found path cost = 6807.0

Execution time: 45.64567995071411 seconds
31.262454986572266

For Q = 5, alpha = 0.2, beta = 0.7 , num_iterations = 5, num_ants = 7, evaporation_factor = 0.3:
Best found path is:
0 1 0 9 1 0 22 5 12 0 15 4 5 2 18 15 8 13 1 2 23 17 7 20 18 19 5 20 15 10 1 3 8 13 0 18 25 15 11 22 8 9 10 5 6 0 22 13 4 25 20 12 16 10 14 25 22 1 14 19 1 11 9 3 24 3 6 20 24 5 9 21

Best found path cost = 7162.0

Execution time: 31.262454986572266 seconds
23.431241989135742

For Q = 5, alpha = 0.2, beta = 0.7 , num_iterations = 5, num_ants = 7, evaporation_factor = 0.7:
Best found path is:
16 0 1 0 3 0 2 1 11 1 0 1 18 15 13 17 18 17 16 19 9 14 2 13 1 12 1 0 5 7 12 17 18 16 6 8 13 1 11 20 22 21 11 3 10 4 3 11 12 3 23 16 17 23 20 19 7 25 4 25 19 4 25 24

Best found path cost = 5593.0

Execution time: 23.431241989135742 seconds
42.32287406921387

For Q = 5, alpha = 0.2, beta = 0.7 , num_iterations = 7, num_ants = 2, evaporation_factor = 0.3:
Best found path is:
8 0 1 4 2 8 2 0 21 0 8 10 3 9 18 3 6 15 3 10 1 13 4 1 8 23 2 17 13 18 17 5 20 15 25 20 9 16 11 1 22 19 6 20 11 24 25 24 7 9 10 16 21 24 5 24 12 3 1 0 10 17 5 18 19 11 24 10 14

Best found path cost = 6686.0

Execution time: 42.32287406921387 seconds
58.437702894210815

For Q = 5, alpha = 0.2, beta = 0.7 , num_iterations = 7, num_ants = 2, evaporation_factor = 0.7:
Best found path is:
19 0 2 1 4 1 13 1 5 6 5 6 17 14 10 8 5 1 3 17 5 13 4 15 1 21 20 2 19 6 19 24 10 8 24 2 25 7 22 16 8 13 6 12 9 7 23 5 19 18 2 24 10 24 14 8 7 1 7 4 14 11

Best found path cost = 5999.0

Execution time: 58.437702894210815 seconds
65.83211493492126

For Q = 5, alpha = 0.2, beta = 0.7 , num_iterations = 7, num_ants = 5, evaporation_factor = 0.3:
Best found path is:
12 1 0 22 20 3 7 10 8 6 3 15 9 10 25 23 7 5 4 12 24 0 14 0 22 20 21 16 17 18 5 3 16 6 8 5 3 0 22 20 8 19 12 2 4 14 4 14 13 5 13 12 8 19 12 24 1 17 21 24 7 4 2 25 7 21 5 7 14 11

Best found path cost = 6004.0

Execution time: 65.83211493492126 seconds
47.59568405151367

For Q = 5, alpha = 0.2, beta = 0.7 , num_iterations = 7, num_ants = 5, evaporation_factor = 0.7:
Best found path is:
21 2 0 2 19 2 0 1 0 9 3 8 10 6 3 6 3 9 3 0 15 6 13 23 22 6 21 8 2 25 2 10 11 2 4 6 3 8 6 21 20 16 25 18 17 4 5 3 4 2 3 9 7 24 21 8 2 5 1 17 19 2 10 0 12 17 16 20 21 14

Best found path cost = 5672.0

Execution time: 47.59568405151367 seconds
59.62330389022827

For Q = 5, alpha = 0.2, beta = 0.7 , num_iterations = 7, num_ants = 7, evaporation_factor = 0.3:
Best found path is:
24 2 0 3 16 22 15 17 16 2 1 4 2 3 5 3 16 18 13 23 22 21 11 6 18 8 12 25 0 2 22 16 18 23 22 21 1 3 4 1 2 7 19 18 23 22 23 22 15 5 4 13 9 2 14 9 15 20 4 21 20 9 2 7 17 13 11 12 24 16 9 10

Best found path cost = 5768.0

Execution time: 59.62330389022827 seconds
59.59210515022278

For Q = 5, alpha = 0.2, beta = 0.7 , num_iterations = 7, num_ants = 7, evaporation_factor = 0.7:
Best found path is:
1 0 4 1 3 1 4 0 2 3 22 0 4 18 9 8 5 1 12 11 3 5 4 9 17 13 0 13 3 0 2 16 15 14 7 12 6 5 4 20 21 0 7 16 23 16 2 14 0 2 15 19 16 0 17 19 10 13 16 0 2 9 10 13 24 25

Best found path cost = 5802.0

Execution time: 59.59210515022278 seconds
16.130428075790405

For Q = 5, alpha = 0.7, beta = 0.3 , num_iterations = 3, num_ants = 2, evaporation_factor = 0.3:
Best found path is:
20 2 1 14 3 4 0 3 5 3 4 5 1 0 9 12 10 12 11 14 5 3 1 8 6 8 6 3 4 0 9 10 12 1 20 10 12 10 9 10 11 14 1 4 5 11 9 10 11 12 19 16 19 17 7 5 3 4 14 20 19 22 10 19 17 15 9 10 19 21 22 10 12 10 11 23 12 10 11 14 13 14 2 5 19 10 11 12 10 5 14 3 4 5 6 3 5 1 18 21 22 12 10 20 19 17 18 5 2 10 9 10 9 12 10 12 10 12 11 24 0 1 14 3 5 3 6 8 6 1 2 1 8 6 8 6 2 5 3 5 3 4 5 4 5 19 16 19 25

Best found path cost = 7609.0

Execution time: 16.130428075790405 seconds
39.1092689037323

For Q = 5, alpha = 0.7, beta = 0.3 , num_iterations = 3, num_ants = 2, evaporation_factor = 0.7:
Best found path is:
3 0 2 0 2 0 1 0 1 7 14 18 21 6 10 3 10 6 3 5 4 7 8 4 18 3 14 10 22 0 17 5 4 3 4 0 14 7 12 0 13 7 21 22 5 4 21 16 7 12 2 0 16 21 6 7 14 21 12 7 24 25 8 9 7 8 15 8 19 18 11 10 8 6 13 16 1 8 15 18 9 11 17 18 20 7 2 23

Best found path cost = 7618.0

Execution time: 39.1092689037323 seconds
48.95288610458374

For Q = 5, alpha = 0.7, beta = 0.3 , num_iterations = 3, num_ants = 5, evaporation_factor = 0.3:
Best found path is:
3 0 9 2 4 7 6 2 4 14 10 3 2 6 7 19 23 9 3 25 7 9 8 19 15 6 2 10 19 11 3 2 11 15 25 10 19 18 11 0 1 21 17 3 5 24 18 12 2 5 4 9 13 19 16 1 13 14 1 0 1 11 0 23 7 4 19 17 15 16 20 24 10 11 3 21 12 1 2 13 12 11 12 8 11 25 15 12 5 24 1 6 18 19 25 22

Best found path cost = 7883.0

Execution time: 48.95288610458374 seconds
57.860501766204834

For Q = 5, alpha = 0.7, beta = 0.3 , num_iterations = 3, num_ants = 5, evaporation_factor = 0.7:
Best found path is:
23 2 0 1 0 8 10 13 15 25 20 19 9 2 1 2 6 1 0 3 1 3 5 3 9 6 4 8 20 4 3 4 16 18 22 20 21 22 17 19 17 6 16 8 4 3 22 20 25 24 11 12 11 10 9 14 10 8 10 19 0 22 11 12 11 8 6 3 1 4 3 1 4 3 4 2 10 11 17 9 10 7

Best found path cost = 5502.0

Execution time: 57.860501766204834 seconds
28.54805016517639

For Q = 5, alpha = 0.7, beta = 0.3 , num_iterations = 3, num_ants = 7, evaporation_factor = 0.3:
Best found path is:
13 0 1 0 12 5 4 5 25 12 2 0 1 14 16 24 16 15 8 14 8 3 5 4 5 1 23 24 4 6 25 16 20 7 17 1 2 18 17 9 13 12 11 23 17 9 2 19 16 11 12 18 19 6 4 5 4 5 4 5 15 14 21 20 22 23 0 3 5 1 0 2 22 19 9 8 13 14 9 10

Best found path cost = 5865.0

Execution time: 28.54805016517639 seconds
59.233304023742676

For Q = 5, alpha = 0.7, beta = 0.3 , num_iterations = 3, num_ants = 7, evaporation_factor = 0.7:
Best found path is:
8 2 0 1 2 5 4 3 1 0 2 3 2 1 0 11 1 5 3 5 13 2 13 20 16 17 18 17 21 25 21 22 21 22 23 14 2 0 6 14 13 11 12 10 11 12 10 11 2 4 19 21 15 3 5 8 9 16 13 2 1 2 5 3 6 4 0 1 4 13 19 15 12 11 12 11 18 5 3 4 3 5 4 11 12 11 12 6 4 3 4 5 3 5 4 5 11 12 17 19 15 9 10 14 9 13 8 7 10 4 5 3 8 15 6 17 11 12 11 24

Best found path cost = 5892.0

Execution time: 59.233304023742676 seconds
373.0278549194336

For Q = 5, alpha = 0.7, beta = 0.3 , num_iterations = 5, num_ants = 2, evaporation_factor = 0.3:
Best found path is:
2 0 3 1 0 1 4 3 5 3 14 12 9 3 5 3 6 18 22 21 25 17 19 9 18 10 9 5 3 4 25 17 5 3 4 7 8 9 18 9 10 11 4 0 10 12 10 18 7 10 15 9 8 9 8 9 10 0 3 6 18 10 12 13 12 13 1 10 11 12 3 13 10 12 13 6 14 7 14 2 12 11 0 16 22 24 22 21 25 3 1 16 3 13 14 2 13 14 2 13 6 21 0 20 23

Best found path cost = 6547.0

Execution time: 373.0278549194336 seconds
120.75981211662292

For Q = 5, alpha = 0.7, beta = 0.3 , num_iterations = 5, num_ants = 2, evaporation_factor = 0.7:
Best found path is:
17 2 3 5 2 3 4 5 6 4 5 6 3 15 3 13 7 5 6 4 5 2 10 12 13 7 5 11 0 24 8 7 15 7 5 6 7 15 3 4 5 8 6 4 3 13 11 5 2 15 12 10 12 9 13 11 5 8 7 6 4 5 8 14 9 4 5 6 7 6 7 5 2 10 14 2 15 17 10 12 10 12 10 14 15 5 8 14 12 13 11 9 0 24 21 20 18 15 17 16 17 10 14 9 14 1 0 14 9 15 18 19 18 17 10 12 13 9 13 9 13 2 10 12 9 14 12 10 12 20 18 1 3 5 6 4 5 6 3 5 6 7 5 8 7 6 1 3 14 15 22 18 15 18 15 6 7 6 12 25 17 9 13 11 23

Best found path cost = 8130.0

Execution time: 120.75981211662292 seconds
108.01458978652954

For Q = 5, alpha = 0.7, beta = 0.3 , num_iterations = 5, num_ants = 5, evaporation_factor = 0.3:
Best found path is:
12 0 1 9 3 2 1 6 5 3 4 5 4 3 5 21 10 16 13 9 21 24 2 1 2 5 6 7 18 19 17 2 13 1 2 5 4 3 5 4 23 24 14 20 21 25 21 16 25 21 25 23 22 9 13 8 7 10 13 9 0 1 14 13 11 12 11 12 11 12 11 9 5 12 10 8 15

Best found path cost = 4126.0

Execution time: 108.01458978652954 seconds
184.64192414283752

For Q = 5, alpha = 0.7, beta = 0.3 , num_iterations = 5, num_ants = 5, evaporation_factor = 0.7:
Best found path is:
20 5 3 5 7 4 5 13 14 15 11 14 11 20 21 24 20 21 20 24 23 22 11 16 4 13 12 11 18 19 18 16 4 5 7 4 15 19 18 9 11 14 10 12 9 12 11 18 19 7 4 10 13 14 17 19 18 19 18 25 20 21 20 17 19 9 13 5 3 4 5 7 6 0 3 4 5 3 5 3 1 2 13 8

Best found path cost = 3973.0

Execution time: 184.64192414283752 seconds
243.11082696914673

For Q = 5, alpha = 0.7, beta = 0.3 , num_iterations = 5, num_ants = 7, evaporation_factor = 0.3:
Best found path is:
9 0 1 4 2 1 5 2 4 2 4 7 6 1 0 10 14 12 18 7 12 0 6 14 12 10 12 4 2 13 2 24 12 10 12 10 14 7 18 19 25 21 25 21 25 23 22 21 25 20 14 8 4 3 16 18 15 23 7 13 17 16 17 19 7 6 2 16 18 13 11

Best found path cost = 4350.0

Execution time: 243.11082696914673 seconds
242.0344250202179

For Q = 5, alpha = 0.7, beta = 0.3 , num_iterations = 5, num_ants = 7, evaporation_factor = 0.7:
Best found path is:
21 3 1 3 2 1 7 3 0 24 0 5 3 2 3 4 1 0 4 3 4 5 4 3 7 18 17 14 2 10 12 14 1 2 4 15 19 18 7 15 10 9 2 1 3 4 1 3 4 3 1 0 9 13 14 8 9 11 14 13 9 14 6 8 4 3 5 4 5 3 13 12 10 9 16 6 4 3 4 3 13 22 23 11 14 15 12 10 9 12 10 12 11 10 6 9 14 11 10 11 17 19 18 25 16 20

Best found path cost = 5044.0

Execution time: 242.0344250202179 seconds
826.3334519863129

For Q = 5, alpha = 0.7, beta = 0.3 , num_iterations = 7, num_ants = 2, evaporation_factor = 0.3:
Best found path is:
14 0 1 0 4 3 1 4 6 9 11 0 1 4 7 13 14 9 8 14 8 9 8 25 3 21 10 6 20 4 5 12 21 9 21 25 1 0 15 7 6 2 20 14 7 25 18 7 6 8 12 11 7 15 2 6 14 10 9 10 19 24 10 0 21 19 21 12 21 25 15 11 14 10 18 19 3 8 9 15 17 15 12 3 12 11 10 1 3 8 0 7 2 11 23 20 14 16 7 9 17 13 6 3 4 2 18 19 10 6 22

Best found path cost = 8588.0

Execution time: 826.3334519863129 seconds
318.9425599575043

For Q = 5, alpha = 0.7, beta = 0.3 , num_iterations = 7, num_ants = 2, evaporation_factor = 0.7:
Best found path is:
2 1 0 17 16 20 17 16 20 11 12 13 14 1 4 8 10 18 16 20 13 12 13 12 13 14 20 11 12 13 14 9 10 15 1 4 15 18 16 23 22 21 18 9 10 18 19 15 5 24 2 3 4 2 5 3 5 6 4 6 7 14 19 17 16 18 9 10 11 8 1 0 5 6 8 19 15 18 19 3 5 3 5 2 5 2 1 2 5 3 1 4 6 7 13 17 16 18 5 19 17 18 19 3 5 3 5 3 5 2 1 14 13 19 15 3 1 14 20 14 13 12 13 0 11 12 13 0 2 1 4 2 1 16 18 22 25

Best found path cost = 7374.0

Execution time: 318.9425599575043 seconds
140.60304713249207

For Q = 5, alpha = 0.7, beta = 0.3 , num_iterations = 7, num_ants = 5, evaporation_factor = 0.3:
Best found path is:
6 2 1 2 3 5 3 6 5 3 4 3 2 4 5 2 14 13 3 2 10 11 10 12 11 12 13 17 25 21 22 23 21 25 21 25 21 20 17 18 17 23 24 18 19 9 8 9 8 6 3 5 3 4 3 5 3 2 14 3 5 3 2 13 5 0 3 4 5 3 4 5 3 2 1 5 0 3 2 3 2 10 9 2 4 2 20 7 18 15 16

Best found path cost = 3995.0

Execution time: 140.60304713249207 seconds
194.06434082984924

For Q = 5, alpha = 0.7, beta = 0.3 , num_iterations = 7, num_ants = 5, evaporation_factor = 0.7:
Best found path is:
19 3 0 2 0 1 3 2 1 4 6 7 14 4 6 5 0 9 10 24 5 4 3 8 9 8 5 7 12 9 8 10 11 12 11 12 10 9 8 6 4 3 4 6 12 16 17 25 21 22 17 20 15 19 25 21 25 23 5 4 3 4 5 7 12 11 12 16 17 8 13 10 8 19 16 18

Best found path cost = 4013.0

Execution time: 194.06434082984924 seconds
198.94714903831482

For Q = 5, alpha = 0.7, beta = 0.3 , num_iterations = 7, num_ants = 7, evaporation_factor = 0.3:
Best found path is:
6 1 2 1 13 9 7 6 11 0 21 20 24 19 15 12 10 11 12 10 12 10 12 11 10 12 15 10 8 9 11 12 5 4 3 4 5 4 3 4 1 14 0 21 17 18 17 18 19 15 19 17 18 10 12 10 12 18 16 23 22 25

Best found path cost = 2834.0

Execution time: 198.94714903831482 seconds
237.1516170501709

For Q = 5, alpha = 0.7, beta = 0.3 , num_iterations = 7, num_ants = 7, evaporation_factor = 0.7:
Best found path is:
18 0 1 0 1 13 9 12 9 13 8 6 2 1 11 14 11 19 18 19 17 18 8 6 5 4 6 5 0 20 25 20 23 17 18 5 4 5 7 21 24 11 2 5 3 4 24 10 11 10 13 12 2 1 2 5 1 5 4 5 4 5 16 20 22 18 19 15

Best found path cost = 3844.0

Execution time: 237.1516170501709 seconds
11.575219869613647

For Q = 5, alpha = 0.7, beta = 0.7 , num_iterations = 3, num_ants = 2, evaporation_factor = 0.3:
Best found path is:
24 8 0 8 12 6 3 6 3 4 6 7 25 12 1 9 2 1 7 18 19 6 3 4 3 4 3 4 7 18 19 21 23 8 15 18 9 8 15 18 11 12 1 4 6 5 4 3 8 12 10 12 9 16 17 6 5 4 6 7 0 6 2 10 13 14 13 9 8 15 13 14 13 9 6 7 18 19 8 0 7 12 6 8 12 10 9 13 10 13 9 13 9 2 24 8 15 18 11 12 6 5 4 3 4 6 5 4 3 16 17 16 17 16 17 6 8 0 7 12 9 12 10 13 9 6 9 12 9 6 2 13 9 12 1 22 20

Best found path cost = 7350.0

Execution time: 11.575219869613647 seconds
16.083628177642822

For Q = 5, alpha = 0.7, beta = 0.7 , num_iterations = 3, num_ants = 2, evaporation_factor = 0.7:
Best found path is:
14 0 1 14 10 7 23 6 19 18 12 10 8 9 8 18 12 11 10 11 12 11 5 24 13 12 11 2 4 5 4 5 3 5 16 17 16 7 8 18 21 20 7 9 14 22 6 19 2 17 25 0 5 4 5 15

Best found path cost = 3949.0

Execution time: 16.083628177642822 seconds
43.25887584686279

For Q = 5, alpha = 0.7, beta = 0.7 , num_iterations = 3, num_ants = 5, evaporation_factor = 0.3:
Best found path is:
8 0 1 2 1 9 5 2 1 2 5 1 2 9 2 5 1 20 3 21 16 17 9 8 11 7 8 9 15 19 18 16 9 8 20 3 6 4 5 8 20 13 14 19 6 14 10 1 22 7 23 11 25 21 3 1 19 10 11 25 12 11 4 20 16 14 9 24

Best found path cost = 5446.0

Execution time: 43.25887584686279 seconds
31.870856046676636

For Q = 5, alpha = 0.7, beta = 0.7 , num_iterations = 3, num_ants = 5, evaporation_factor = 0.7:
Best found path is:
22 0 1 0 1 2 3 4 5 7 6 12 9 10 9 13 8 2 6 9 10 14 13 9 10 8 9 5 3 4 5 2 9 13 10 14 13 12 10 16 17 25 16 15 16 11 12 24 14 5 3 4 5 6 9 10 14 10 13 10 12 16 15 16 17 16 15 11 10 11 13 12 9 10 13 14 6 9 5 4 5 4 5 7 6 2 3 4 3 6 2 12 9 10 13 9 13 2 1 0 2 14 23 2 1 0 2 13 6 2 13 10 12 11 12 6 2 15 12 14 13 10 12 10 2 0 9 10 11 5 4 5 1 5 13 14 6 12 11 10 9 2 20 21 20 16 18 19

Best found path cost = 6450.0

Execution time: 31.870856046676636 seconds
131.913831949234

For Q = 5, alpha = 0.7, beta = 0.7 , num_iterations = 3, num_ants = 7, evaporation_factor = 0.3:
Best found path is:
16 0 1 2 1 0 4 5 4 1 7 5 3 2 15 6 4 5 7 9 20 16 17 16 17 9 15 10 12 10 9 7 9 10 12 3 6 5 7 4 5 7 5 3 5 4 2 8 14 2 4 6 17 1 11 12 10 5 2 8 13 6 17 18 19 6 3 18 21 22 15 18 15 20 2 10 24 0 1 2 9 1 9 25 10 22 15 23

Best found path cost = 5620.0

Execution time: 131.913831949234 seconds
88.46775507926941

For Q = 5, alpha = 0.7, beta = 0.7 , num_iterations = 3, num_ants = 7, evaporation_factor = 0.7:
Best found path is:
12 0 1 2 12 10 9 8 6 5 3 4 3 8 9 20 25 20 21 25 19 15 18 10 8 5 4 6 5 3 4 5 3 5 6 3 6 5 4 5 4 3 1 6 9 8 6 9 8 4 5 3 4 5 7 11 24 23 6 5 3 9 13 14 11 10 9 13 14 10 8 9 8 9 2 0 1 2 1 5 6 4 5 3 4 2 12 11 12 8 9 10 12 9 16 19 16 6 2 6 5 3 4 3 5 6 10 11 1 8 16 22 20 17

Best found path cost = 4698.0

Execution time: 88.46775507926941 seconds
54.21009612083435

For Q = 5, alpha = 0.7, beta = 0.7 , num_iterations = 5, num_ants = 2, evaporation_factor = 0.3:
Best found path is:
15 0 4 1 4 1 4 1 0 1 11 0 1 2 8 18 10 12 10 12 21 25 15 12 10 18 8 18 17 16 12 11 12 15 8 18 10 12 11 12 11 10 9 7 1 2 12 9 11 20 9 13 10 9 11 12 22 19 4 5 4 13 14 13 9 13 9 10 23 10 9 7 1 11 20 12 11 14 13 14 13 11 14 12 10 12 10 2 5 4 7 1 14 12 10 12 21 25 17 16 19 0 14 12 17 13 11 10 2 5 4 15 12 11 12 10 12 11 10 9 13 14 12 10 11 18 8 19 5 4 2 5 3 4 7 1 4 1 6 3 9 4 1 0 24

Best found path cost = 7471.0

Execution time: 54.21009612083435 seconds
157.99707698822021

For Q = 5, alpha = 0.7, beta = 0.7 , num_iterations = 5, num_ants = 2, evaporation_factor = 0.7:
Best found path is:
6 0 1 3 2 6 0 9 10 11 0 2 9 7 24 4 5 19 4 2 0 3 20 11 12 13 1 22 17 4 5 6 5 3 17 11 12 11 12 3 5 8 16 10 8 2 5 10 12 25 1 12 10 12 11 21 12 11 22 10 4 2 14 13 7 8 11 12 13 0 14 11 13 14 12 3 9 24 3 7 24 18 19 11 14 23 2 14 20 5 1 17 15

Best found path cost = 7269.0

Execution time: 157.99707698822021 seconds
434.1487629413605

For Q = 5, alpha = 0.7, beta = 0.7 , num_iterations = 5, num_ants = 5, evaporation_factor = 0.3:
Best found path is:
7 0 1 4 1 0 7 8 10 13 2 25 2 14 13 18 19 24 20 5 9 4 7 4 11 25 21 14 3 14 4 1 13 24 20 8 9 5 10 20 15 1 15 9 8 17 10 25 12 8 6 13 9 22 16 15 19 17 9 13 14 3 22 21 23

Best found path cost = 5261.0

Execution time: 434.1487629413605 seconds
195.92074394226074

For Q = 5, alpha = 0.7, beta = 0.7 , num_iterations = 5, num_ants = 5, evaporation_factor = 0.7:
Best found path is:
19 0 7 1 5 12 0 2 0 5 2 4 1 3 4 5 1 5 2 11 3 8 6 0 13 8 3 6 15 18 9 13 14 1 0 1 15 7 8 3 1 7 14 12 10 14 9 12 25 14 8 24 1 13 17 22 9 1 2 1 19 17 16 14 7 14 9 7 24 23 24 17 20 21

Best found path cost = 5686.0

Execution time: 195.92074394226074 seconds
112.5385971069336

For Q = 5, alpha = 0.7, beta = 0.7 , num_iterations = 5, num_ants = 7, evaporation_factor = 0.3:
Best found path is:
23 4 3 4 5 4 3 4 1 12 10 12 9 12 10 11 2 12 9 13 10 8 13 2 12 10 11 12 11 12 9 13 12 11 12 11 12 9 2 13 8 21 20 15 0 12 11 10 4 2 14 13 8 7 6 20 21 20 14 13 9 2 13 14 10 9 12 11 14 11 10 14 7 9 11 13 9 3 4 0 2 12 10 8 17 4 2 14 24 23 22 21 19 18 19 16 18 19 16 7 9 8 7 9 3 10 13 14 10 11 10 12 13 25

Best found path cost = 4969.0

Execution time: 112.5385971069336 seconds
243.81282901763916

For Q = 5, alpha = 0.7, beta = 0.7 , num_iterations = 5, num_ants = 7, evaporation_factor = 0.7:
Best found path is:
3 0 2 0 2 1 2 1 2 5 1 6 4 3 6 15 18 15 18 15 8 1 0 25 22 21 7 13 10 9 14 4 5 3 21 24 9 12 15 8 6 1 0 17 6 15 18 19 17 20 10 23 25 20 16 19 7 13 11

Best found path cost = 3878.0

Execution time: 243.81282901763916 seconds
44.99047899246216

For Q = 5, alpha = 0.7, beta = 0.7 , num_iterations = 7, num_ants = 2, evaporation_factor = 0.3:
Best found path is:
3 1 8 9 13 8 16 17 23 24 19 4 7 10 12 14 10 11 18 15 17 22 10 12 14 12 14 20 21 25 16 17 23 24 19 4 5 4 3 5 3 5 2 6 0

Best found path cost = 2755.0

Execution time: 44.99047899246216 seconds
102.81977987289429

For Q = 5, alpha = 0.7, beta = 0.7 , num_iterations = 7, num_ants = 2, evaporation_factor = 0.7:
Best found path is:
15 8 2 8 6 7 1 0 1 0 1 3 6 7 4 1 4 5 8 7 3 4 5 10 9 7 3 4 5 3 2 5 4 7 8 1 4 5 4 11 14 5 20 21 22 17 14 10 20 11 1 0 14 5 3 5 7 6 7 1 4 13 10 14 12 11 1 17 14 23 24 25 20 21 12 16 20 21 12 11 12 21 22 21 8 9 13 14 2 8 18 19

Best found path cost = 5189.0

Execution time: 102.81977987289429 seconds
303.3113329410553

For Q = 5, alpha = 0.7, beta = 0.7 , num_iterations = 7, num_ants = 5, evaporation_factor = 0.3:
Best found path is:
6 1 9 0 2 0 1 2 12 9 8 9 11 10 12 13 1 9 13 14 10 16 17 15 21 16 17 19 18 15 6 7 8 2 1 9 8 9 15 6 16 17 19 18 13 14 2 0 1 14 0 2 6 14 2 1 2 3 1 2 3 1 2 1 2 1 2 1 2 12 10 15 18 15 8 11 9 8 9 12 11 0 20 6 23 25 12 10 12 11 12 10 9 8 3 4 5 4 8 0 2 8 2 12 10 24 22

Best found path cost = 5603.0

Execution time: 303.3113329410553 seconds
371.2494521141052

For Q = 5, alpha = 0.7, beta = 0.7 , num_iterations = 7, num_ants = 5, evaporation_factor = 0.7:
Best found path is:
24 0 1 5 1 3 4 8 1 3 2 1 5 12 11 21 22 25 21 20 16 21 17 16 8 9 12 14 0 23 11 2 13 9 4 3 4 5 3 7 4 3 4 9 12 10 12 11 12 14 12 11 21 17 16 21 20 16 17 18 19 18 19 18 16 17 18 19 17 9 12 14 13 14 9 10 7 6 7 6 5 10 12 11 12 11 21 20 16 15

Best found path cost = 3848.0

Execution time: 371.2494521141052 seconds
325.81177496910095

For Q = 5, alpha = 0.7, beta = 0.7 , num_iterations = 7, num_ants = 7, evaporation_factor = 0.3:
Best found path is:
12 0 1 3 8 5 3 5 4 5 3 8 5 4 14 13 10 12 11 9 8 9 10 9 10 9 14 11 9 3 11 5 7 9 7 3 5 3 4 2 1 4 20 11 14 7 3 4 8 6 4 5 3 4 6 5 3 13 10 13 12 9 13 14 15 6 8 6 3 5 4 3 12 11 20 12 0 4 3 5 0 6 19 18 19 17 19 17 19 25 22 23 16 2 9 5 3 13 7 11 13 2 5 1 2 6 10 11 9 3 4 3 5 4 6 7 6 8 3 4 2 5 3 5 3 8 9 13 12 11 24 21

Best found path cost = 5868.0

Execution time: 325.81177496910095 seconds
825.9588749408722

For Q = 5, alpha = 0.7, beta = 0.7 , num_iterations = 7, num_ants = 7, evaporation_factor = 0.7:
Best found path is:
20 0 1 4 3 14 9 0 9 16 5 3 2 6 11 7 19 18 19 18 19 7 3 1 13 1 13 9 6 18 25 20 25 17 19 17 21 13 9 8 7 10 12 15 11 6 18 6 8 3 2 8 24 11 17 18 14 23 22

Best found path cost = 3824.0

Execution time: 825.9588749408722 seconds
