
------------------------------------------------------------
                     Results datasets/gr17_d.txt                               
------------------------------------------------------------
2.8241610527038574

For Q = 5, alpha = 0.2, beta = 0.3 , num_iterations = 3, num_ants = 2, evaporation_factor = 0.3:
Best found path is:
10 0 1 2 3 0 10 3 4 1 6 16 2 5 13 6 1 0 10 5 2 16 12 13 0 11 15 7 3 10 15 10 3 2 5 9 2 5 8 6 2 16 7 16 15 7 14

Best found path cost = 12160.0

Execution time: 2.8241610527038574 seconds
1.1050629615783691

For Q = 5, alpha = 0.2, beta = 0.3 , num_iterations = 3, num_ants = 2, evaporation_factor = 0.7:
Best found path is:
10 0 1 0 2 5 1 2 0 8 2 6 0 3 7 8 7 3 14 10 7 11 15 6 7 10 15 16 3 9 2 13 1 9 14 13 11 4 12

Best found path cost = 10811.0

Execution time: 1.1050629615783691 seconds
2.392137050628662

For Q = 5, alpha = 0.2, beta = 0.3 , num_iterations = 3, num_ants = 5, evaporation_factor = 0.3:
Best found path is:
10 0 6 1 2 1 6 5 3 10 0 5 2 9 5 12 3 0 11 0 16 7 15 12 3 1 0 14 9 7 8 0 13 0 4

Best found path cost = 9379.0

Execution time: 2.392137050628662 seconds
2.413137912750244

For Q = 5, alpha = 0.2, beta = 0.3 , num_iterations = 3, num_ants = 5, evaporation_factor = 0.7:
Best found path is:
11 0 1 11 3 4 13 16 8 5 4 0 1 8 10 2 5 14 16 15 3 16 8 10 7 4 9 4 7 12 14 2 12 3 9 4 6

Best found path cost = 10140.0

Execution time: 2.413137912750244 seconds
3.1801819801330566

For Q = 5, alpha = 0.2, beta = 0.3 , num_iterations = 3, num_ants = 7, evaporation_factor = 0.3:
Best found path is:
3 0 6 3 2 13 5 1 7 5 0 9 1 13 15 4 8 16 5 10 5 16 5 6 0 5 6 14 13 3 8 14 7 12 3 10 3 2 14 8 4 10 15 6 11

Best found path cost = 9908.0

Execution time: 3.1801819801330566 seconds
1.7691020965576172

For Q = 5, alpha = 0.2, beta = 0.3 , num_iterations = 3, num_ants = 7, evaporation_factor = 0.7:
Best found path is:
11 0 1 0 1 4 14 3 12 0 16 13 5 9 11 10 2 1 10 6 15 3 12 11 7 2 11 10 8

Best found path cost = 8391.0

Execution time: 1.7691020965576172 seconds
5.159295082092285

For Q = 5, alpha = 0.2, beta = 0.3 , num_iterations = 5, num_ants = 2, evaporation_factor = 0.3:
Best found path is:
8 1 13 0 5 7 6 7 5 4 9 8 2 5 12 3 11 7 5 7 3 2 5 7 8 9 1 0 2 3 8 4 9 1 14 4 12 3 2 5 12 3 7 2 10 2 4 15 16

Best found path cost = 10500.0

Execution time: 5.159295082092285 seconds
5.067288875579834

For Q = 5, alpha = 0.2, beta = 0.3 , num_iterations = 5, num_ants = 2, evaporation_factor = 0.7:
Best found path is:
5 3 9 11 0 12 4 2 7 8 1 10 2 15 8 11 8 0 10 14 11 7 6 14 6 8 16 7 13

Best found path cost = 6971.0

Execution time: 5.067288875579834 seconds
11.57065200805664

For Q = 5, alpha = 0.2, beta = 0.3 , num_iterations = 5, num_ants = 5, evaporation_factor = 0.3:
Best found path is:
11 0 3 5 4 5 0 1 10 7 13 14 8 9 1 7 0 3 13 8 15 0 2 14 3 1 0 15 11 7 8 7 16 2 12 5 6

Best found path cost = 9297.0

Execution time: 11.57065200805664 seconds
4.9452080726623535

For Q = 5, alpha = 0.2, beta = 0.3 , num_iterations = 5, num_ants = 5, evaporation_factor = 0.7:
Best found path is:
3 0 2 4 3 0 14 5 4 11 14 2 7 5 3 11 13 10 4 10 8 2 9 2 11 14 0 7 12 0 1 8 0 6 14 9 0 3 16 13 15

Best found path cost = 9902.0

Execution time: 4.9452080726623535 seconds
9.141615867614746

For Q = 5, alpha = 0.2, beta = 0.3 , num_iterations = 5, num_ants = 7, evaporation_factor = 0.3:
Best found path is:
14 0 2 0 13 3 6 5 6 7 6 3 6 2 0 14 1 16 3 9 13 8 4 10 5 11 2 3 12 11 15

Best found path cost = 6993.0

Execution time: 9.141615867614746 seconds
6.58321213722229

For Q = 5, alpha = 0.2, beta = 0.3 , num_iterations = 5, num_ants = 7, evaporation_factor = 0.7:
Best found path is:
7 1 0 3 0 3 5 7 16 6 10 11 8 1 2 13 16 12 7 6 7 9 5 3 6 2 14 12 11 15 13 12 7 9 4

Best found path cost = 7140.0

Execution time: 6.58321213722229 seconds
8.876415967941284

For Q = 5, alpha = 0.2, beta = 0.3 , num_iterations = 7, num_ants = 2, evaporation_factor = 0.3:
Best found path is:
15 13 0 1 6 0 1 7 5 14 11 12 15 16 13 1 10 0 6 7 12 16 13 1 7 6 7 6 9 4 0 7 1 3 5 2 8

Best found path cost = 10360.0

Execution time: 8.876415967941284 seconds
32.60405707359314

For Q = 5, alpha = 0.2, beta = 0.3 , num_iterations = 7, num_ants = 2, evaporation_factor = 0.7:
Best found path is:
2 5 2 5 6 0 5 6 7 12 0 5 6 3 14 9 2 13 10 11 5 2 5 16 3 9 5 16 3 5 6 8 9 3 14 9 1 4 1 4 1 2 13 6 15

Best found path cost = 8690.0

Execution time: 32.60405707359314 seconds
30.092453002929688

For Q = 5, alpha = 0.2, beta = 0.3 , num_iterations = 7, num_ants = 5, evaporation_factor = 0.3:
Best found path is:
1 0 5 3 9 2 6 12 4 3 2 1 2 12 16 6 5 9 10 14 2 1 9 7 6 7 0 13 11 8 13 15

Best found path cost = 8133.0

Execution time: 30.092453002929688 seconds
19.406433820724487

For Q = 5, alpha = 0.2, beta = 0.3 , num_iterations = 7, num_ants = 5, evaporation_factor = 0.7:
Best found path is:
8 0 1 2 4 0 7 4 10 3 2 4 10 13 0 3 6 5 12 15 8 9 11 7 5 12 0 16 3 6 1 0 12 16 3 6 7 6 5 12 0 12 16 2 7 4 8 4 14

Best found path cost = 9958.0

Execution time: 19.406433820724487 seconds
39.52388310432434

For Q = 5, alpha = 0.2, beta = 0.3 , num_iterations = 7, num_ants = 7, evaporation_factor = 0.3:
Best found path is:
10 0 1 4 3 6 5 3 4 7 3 0 7 5 10 2 16 15 8 1 3 0 6 11 13 5 12 15 7 5 1 15 14 2 6 7 9

Best found path cost = 9395.0

Execution time: 39.52388310432434 seconds
32.9292778968811

For Q = 5, alpha = 0.2, beta = 0.3 , num_iterations = 7, num_ants = 7, evaporation_factor = 0.7:
Best found path is:
8 0 1 2 0 10 4 0 12 3 0 5 2 0 6 5 14 1 16 7 14 6 0 2 0 2 13 14 0 12 3 8 2 9 6 7 15 12 4 0 4 11

Best found path cost = 9637.0

Execution time: 32.9292778968811 seconds
2.9172050952911377

For Q = 5, alpha = 0.2, beta = 0.7 , num_iterations = 3, num_ants = 2, evaporation_factor = 0.3:
Best found path is:
8 0 1 0 3 11 5 6 16 5 6 16 12 7 5 12 2 13 5 16 14 2 5 3 16 14 2 3 16 5 7 5 6 4 10 13 5 1 8 16 14 13 9 3 12 4 9 0 3 8 16 14 11 13 5 7 6 4 10 5 8 16 12 7 2 5 7 13 8 14 13 1 8 15

Best found path cost = 13835.0

Execution time: 2.9172050952911377 seconds
13.04424786567688

For Q = 5, alpha = 0.2, beta = 0.7 , num_iterations = 3, num_ants = 2, evaporation_factor = 0.7:
Best found path is:
13 2 5 15 7 6 16 11 7 0 3 2 4 16 11 5 11 0 2 12 13 6 7 13 6 8 10 7 1 9 11 5 12 6 7 13 2 4 1 11 5 13 3 2 12 14

Best found path cost = 10033.0

Execution time: 13.04424786567688 seconds
10.545619010925293

For Q = 5, alpha = 0.2, beta = 0.7 , num_iterations = 3, num_ants = 5, evaporation_factor = 0.3:
Best found path is:
0 1 3 0 14 4 1 3 1 3 12 14 13 2 10 16 6 2 11 6 1 8 7 5 9 4 12 10 2 15

Best found path cost = 9156.0

Execution time: 10.545619010925293 seconds
5.1012091636657715

For Q = 5, alpha = 0.2, beta = 0.7 , num_iterations = 3, num_ants = 5, evaporation_factor = 0.7:
Best found path is:
10 0 6 0 4 0 9 7 1 3 1 3 15 6 5 0 2 11 0 11 12 8 15 2 16 14 12 1 2 13

Best found path cost = 9710.0

Execution time: 5.1012091636657715 seconds
5.335208892822266

For Q = 5, alpha = 0.2, beta = 0.7 , num_iterations = 3, num_ants = 7, evaporation_factor = 0.3:
Best found path is:
16 0 2 5 8 11 0 6 5 0 9 3 7 2 13 0 7 6 5 15 9 14 10 5 6 2 0 6 5 0 16 3 12 0 16 9 1 13 12 6 4

Best found path cost = 8071.0

Execution time: 5.335208892822266 seconds
7.971614122390747

For Q = 5, alpha = 0.2, beta = 0.7 , num_iterations = 3, num_ants = 7, evaporation_factor = 0.7:
Best found path is:
13 0 1 3 4 15 3 1 0 11 7 16 12 6 15 0 3 12 8 11 6 8 3 14 2 1 9 10 4 10 12 7 5

Best found path cost = 8148.0

Execution time: 7.971614122390747 seconds
10.966818809509277

For Q = 5, alpha = 0.2, beta = 0.7 , num_iterations = 5, num_ants = 2, evaporation_factor = 0.3:
Best found path is:
1 0 2 0 8 2 3 12 5 7 6 5 7 14 7 13 11 10 14 7 1 8 2 14 8 2 4 0 1 12 14 16 9 15

Best found path cost = 10066.0

Execution time: 10.966818809509277 seconds
24.195643186569214

For Q = 5, alpha = 0.2, beta = 0.7 , num_iterations = 5, num_ants = 2, evaporation_factor = 0.7:
Best found path is:
11 0 5 7 3 0 1 5 10 3 5 9 4 0 6 5 3 0 7 14 9 2 15 0 7 13 4 8 2 7 11 4 11 8 3 2 7 15 16 15 3 6 12

Best found path cost = 10111.0

Execution time: 24.195643186569214 seconds
15.116426944732666

For Q = 5, alpha = 0.2, beta = 0.7 , num_iterations = 5, num_ants = 5, evaporation_factor = 0.3:
Best found path is:
13 0 2 0 1 15 6 16 8 1 12 11 14 5 0 12 3 0 3 0 6 10 9 1 0 2 4 13 3 7

Best found path cost = 7679.0

Execution time: 15.116426944732666 seconds
14.835625886917114

For Q = 5, alpha = 0.2, beta = 0.7 , num_iterations = 5, num_ants = 5, evaporation_factor = 0.7:
Best found path is:
3 0 1 3 0 2 7 15 0 12 0 2 10 1 4 10 5 16 10 5 16 0 13 12 0 6 0 6 9 14 5 6 0 12 15 11 8

Best found path cost = 6806.0

Execution time: 14.835625886917114 seconds
18.014686107635498

For Q = 5, alpha = 0.2, beta = 0.7 , num_iterations = 5, num_ants = 7, evaporation_factor = 0.3:
Best found path is:
12 0 1 10 6 9 1 11 1 2 13 12 3 0 10 4 10 9 14 4 12 1 10 2 15 16 6 16 4 10 0 10 6 10 4 7 3 5 8

Best found path cost = 9948.0

Execution time: 18.014686107635498 seconds
14.726425886154175

For Q = 5, alpha = 0.2, beta = 0.7 , num_iterations = 5, num_ants = 7, evaporation_factor = 0.7:
Best found path is:
0 1 0 5 2 7 6 7 5 7 1 0 5 4 9 10 11 15 16 3 13 11 15 4 9 14 1 3 15 0 2 3 7 0 7 12 5 2 6 0 6 8

Best found path cost = 9976.0

Execution time: 14.726425886154175 seconds
10.857619047164917

For Q = 5, alpha = 0.2, beta = 0.7 , num_iterations = 7, num_ants = 2, evaporation_factor = 0.3:
Best found path is:
16 9 0 6 16 12 2 8 11 15 2 4 3 10 2 4 2 4 2 4 3 2 4 3 10 2 5 7 1 13 15 5 0 3 5 10 2 14

Best found path cost = 8591.0

Execution time: 10.857619047164917 seconds
10.124418020248413

For Q = 5, alpha = 0.2, beta = 0.7 , num_iterations = 7, num_ants = 2, evaporation_factor = 0.7:
Best found path is:
14 2 6 0 6 14 2 11 3 13 4 12 4 1 5 8 16 1 0 7 6 11 8 1 9 4 10 0 3 6 15

Best found path cost = 7821.0

Execution time: 10.124418020248413 seconds
9.453617095947266

For Q = 5, alpha = 0.2, beta = 0.7 , num_iterations = 7, num_ants = 5, evaporation_factor = 0.3:
Best found path is:
8 0 1 2 6 0 1 0 10 4 13 9 3 12 9 10 12 8 12 11 8 6 12 0 7 14 0 2 5 3 14 4 16 0 7 4 15

Best found path cost = 9361.0

Execution time: 9.453617095947266 seconds
8.221213817596436

For Q = 5, alpha = 0.2, beta = 0.7 , num_iterations = 7, num_ants = 5, evaporation_factor = 0.7:
Best found path is:
3 0 1 11 3 6 16 7 15 8 0 6 0 1 10 6 16 13 14 5 4 5 0 3 5 2 9 5 16 12

Best found path cost = 5972.0

Execution time: 8.221213817596436 seconds
12.508843183517456

For Q = 5, alpha = 0.2, beta = 0.7 , num_iterations = 7, num_ants = 7, evaporation_factor = 0.3:
Best found path is:
0 1 2 6 2 4 2 0 15 11 16 15 8 0 1 10 16 6 7 0 3 10 14 2 13 14 2 3 12 5 8 7 12 7 9

Best found path cost = 7542.0

Execution time: 12.508843183517456 seconds
15.147625923156738

For Q = 5, alpha = 0.2, beta = 0.7 , num_iterations = 7, num_ants = 7, evaporation_factor = 0.7:
Best found path is:
5 0 1 6 16 6 16 6 16 6 4 8 2 3 0 13 5 4 12 0 14 6 0 2 15 7 15 3 8 1 7 4 9 0 14 16 6 2 12 10 3 4 1 6 0 5 11

Best found path cost = 11915.0

Execution time: 15.147625923156738 seconds
37.19046592712402

For Q = 5, alpha = 0.7, beta = 0.3 , num_iterations = 3, num_ants = 2, evaporation_factor = 0.3:
Best found path is:
16 3 8 13 1 10 4 6 0 6 5 7 6 7 5 0 6 12 2 7 16 12 13 5 7 16 3 12 3 15 8 6 7 13 2 6 0 7 8 13 2 6 16 14 12 7 4 9 0 6 11

Best found path cost = 7542.0

Execution time: 37.19046592712402 seconds
28.485650062561035

For Q = 5, alpha = 0.7, beta = 0.3 , num_iterations = 3, num_ants = 2, evaporation_factor = 0.7:
Best found path is:
1 0 3 7 0 3 8 9 4 0 3 8 7 5 6 0 10 5 7 5 11 2 3 8 11 2 5 6 12 3 8 7 0 2 5 6 12 6 14 10 4 16 5 7 0 3 13 5 15

Best found path cost = 9082.0

Execution time: 28.485650062561035 seconds
13.291223049163818

For Q = 5, alpha = 0.7, beta = 0.3 , num_iterations = 3, num_ants = 5, evaporation_factor = 0.3:
Best found path is:
3 0 3 4 1 2 7 5 9 10 3 2 12 3 12 3 12 5 7 5 15 2 5 10 3 6 2 6 12 10 0 12 13 14 11 7 16 11 10 5 7 3 6 4 2 5 0 8

Best found path cost = 8968.0

Execution time: 13.291223049163818 seconds
13.525223970413208

For Q = 5, alpha = 0.7, beta = 0.3 , num_iterations = 3, num_ants = 5, evaporation_factor = 0.7:
Best found path is:
8 0 1 0 2 5 4 7 5 4 9 6 13 0 5 2 7 12 2 9 6 5 11 16 6 14 15 11 3 10

Best found path cost = 7638.0

Execution time: 13.525223970413208 seconds
45.14647889137268

For Q = 5, alpha = 0.7, beta = 0.3 , num_iterations = 3, num_ants = 7, evaporation_factor = 0.3:
Best found path is:
0 1 6 3 2 5 2 0 12 3 10 9 10 9 2 5 2 16 8 4 7 16 13 0 2 12 4 7 8 11 4 10 15 11 8 12 10 13 2 14

Best found path cost = 8506.0

Execution time: 45.14647889137268 seconds
35.287262201309204

For Q = 5, alpha = 0.7, beta = 0.3 , num_iterations = 3, num_ants = 7, evaporation_factor = 0.7:
Best found path is:
5 0 1 4 3 0 3 13 0 12 3 16 6 14 9 15 1 7 3 8 9 11 7 16 5 0 12 3 13 10 2

Best found path cost = 7158.0

Execution time: 35.287262201309204 seconds
39.702069997787476

For Q = 5, alpha = 0.7, beta = 0.3 , num_iterations = 5, num_ants = 2, evaporation_factor = 0.3:
Best found path is:
7 0 2 1 11 3 6 0 4 9 10 8 0 16 6 9 14 2 4 9 2 9 0 12 7 8 14 2 12 0 4 1 12 4 8 12 0 6 15 6 9 13 7 12 5

Best found path cost = 10520.0

Execution time: 39.702069997787476 seconds
29.967651844024658

For Q = 5, alpha = 0.7, beta = 0.3 , num_iterations = 5, num_ants = 2, evaporation_factor = 0.7:
Best found path is:
6 0 1 5 1 0 6 12 4 1 2 3 2 5 7 1 9 15 7 13 4 11 14 3 0 7 14 12 4 15 8 4 1 16 7 10

Best found path cost = 10655.0

Execution time: 29.967651844024658 seconds
65.66051602363586

For Q = 5, alpha = 0.7, beta = 0.3 , num_iterations = 5, num_ants = 5, evaporation_factor = 0.3:
Best found path is:
8 3 0 5 0 2 14 2 16 5 6 16 5 3 12 3 5 0 6 0 12 3 6 16 6 9 2 0 16 5 12 3 0 3 12 15 11 2 13 5 1 10 4 8 6 0 7

Best found path cost = 6433.0

Execution time: 65.66051602363586 seconds
239.66322112083435

For Q = 5, alpha = 0.7, beta = 0.3 , num_iterations = 5, num_ants = 5, evaporation_factor = 0.7:
Best found path is:
4 0 3 0 12 0 3 7 3 0 6 7 6 5 6 7 5 16 5 3 12 3 12 10 4 15 4 1 4 10 16 5 0 3 12 0 14 2 0 8 11 6 16 6 3 12 0 9 10 4 2 0 8 11 8 11 8 11 8 11 8 2 4 10 4 14 4 1 13

Best found path cost = 9877.0

Execution time: 239.66322112083435 seconds
67.23611783981323

For Q = 5, alpha = 0.7, beta = 0.3 , num_iterations = 5, num_ants = 7, evaporation_factor = 0.3:
Best found path is:
14 0 1 4 9 2 12 0 5 12 6 5 12 3 7 6 7 16 7 5 12 14 13 6 12 6 16 7 0 6 16 4 10 4 13 12 3 15 11 8

Best found path cost = 5169.0

Execution time: 67.23611783981323 seconds
88.71735620498657

For Q = 5, alpha = 0.7, beta = 0.3 , num_iterations = 5, num_ants = 7, evaporation_factor = 0.7:
Best found path is:
16 0 1 4 10 3 9 0 2 4 10 2 6 8 15 8 0 2 14 13 2 6 7 6 13 7 12 14 2 3 6 7 3 6 11 12 3 6 7 0 7 6 5

Best found path cost = 6906.0

Execution time: 88.71735620498657 seconds
55.005695819854736

For Q = 5, alpha = 0.7, beta = 0.3 , num_iterations = 7, num_ants = 2, evaporation_factor = 0.3:
Best found path is:
5 0 2 6 7 11 9 6 12 2 1 16 6 2 12 15 3 6 3 13 2 7 9 8 5 14 2 14 7 5 14 2 16 3 2 12 0 9 12 4 10

Best found path cost = 8659.0

Execution time: 55.005695819854736 seconds
56.7217001914978

For Q = 5, alpha = 0.7, beta = 0.3 , num_iterations = 7, num_ants = 2, evaporation_factor = 0.7:
Best found path is:
7 0 1 12 0 4 15 11 8 11 3 12 0 2 9 10 0 2 14 5 16 6 5 7 16 7 16 12 3 12 3 12 3 12 3 12 3 5 3 12 0 3 12 3 12 0 4 1 12 3 12 3 12 3 5 14 13

Best found path cost = 7382.0

Execution time: 56.7217001914978 seconds
81.02654194831848

For Q = 5, alpha = 0.7, beta = 0.3 , num_iterations = 7, num_ants = 5, evaporation_factor = 0.3:
Best found path is:
16 0 3 0 3 0 8 11 5 16 7 6 0 6 7 4 1 10 9 0 3 16 5 2 13 14 2 14 7 3 12 3 12 0 3 12 3 5 7 6 0 3 12 3 8 15

Best found path cost = 5180.0

Execution time: 81.02654194831848 seconds
134.78423690795898

For Q = 5, alpha = 0.7, beta = 0.3 , num_iterations = 7, num_ants = 5, evaporation_factor = 0.7:
Best found path is:
4 1 4 9 2 1 10 14 4 11 5 7 3 5 6 3 12 2 7 16 5 7 6 7 3 8 11 12 6 16 7 6 12 0 2 16 5 12 3 12 6 16 5 6 16 5 6 16 3 5 2 3 8 15 3 6 12 6 14 13

Best found path cost = 7231.0

Execution time: 134.78423690795898 seconds
148.94906210899353

For Q = 5, alpha = 0.7, beta = 0.3 , num_iterations = 7, num_ants = 7, evaporation_factor = 0.3:
Best found path is:
15 0 2 4 10 2 13 2 13 2 16 5 3 8 11 15 0 3 5 6 7 5 6 16 6 16 12 0 12 7 3 0 7 5 14 2 10 2 5 16 1 9

Best found path cost = 5258.0

Execution time: 148.94906210899353 seconds
95.33176684379578

For Q = 5, alpha = 0.7, beta = 0.3 , num_iterations = 7, num_ants = 7, evaporation_factor = 0.7:
Best found path is:
2 0 1 4 9 8 11 12 0 6 2 3 12 3 6 5 7 6 12 3 12 6 7 12 3 13 14 10 13 2 0 6 12 15 11 4 10 5 7 5 0 5 6 4 3 0 3 7 6 2 14 10 13 14 2 16

Best found path cost = 7865.0

Execution time: 95.33176684379578 seconds
30.763254165649414

For Q = 5, alpha = 0.7, beta = 0.7 , num_iterations = 3, num_ants = 2, evaporation_factor = 0.3:
Best found path is:
12 0 6 4 16 5 12 1 13 11 5 7 12 3 16 9 6 15 12 7 0 14 6 16 14 2 6 10 14 7 16 7 10 9 14 13 5 12 0 9 1 7 4 10 5 15 8

Best found path cost = 9730.0

Execution time: 30.763254165649414 seconds
10.951218843460083

For Q = 5, alpha = 0.7, beta = 0.7 , num_iterations = 3, num_ants = 2, evaporation_factor = 0.7:
Best found path is:
2 0 2 0 3 6 3 5 12 16 0 16 5 6 16 5 16 5 10 4 10 14 11 2 15 7 3 0 12 2 11 12 6 7 8 3 13 3 12 0 3 1 13 8 5 16 5 14 4 8 6 16 4 10 13 5 3 14 8 0 6 0 13 9

Best found path cost = 11449.0

Execution time: 10.951218843460083 seconds
105.87738609313965

For Q = 5, alpha = 0.7, beta = 0.7 , num_iterations = 3, num_ants = 5, evaporation_factor = 0.3:
Best found path is:
12 0 3 1 0 3 12 0 6 8 3 7 6 16 12 5 7 12 0 6 3 9 13 16 13 7 6 12 0 2 14 3 12 8 2 13 15 7 4 10 8 12 6 3 14 3 4 13 6 11

Best found path cost = 8844.0

Execution time: 105.87738609313965 seconds
39.811269998550415

For Q = 5, alpha = 0.7, beta = 0.7 , num_iterations = 3, num_ants = 5, evaporation_factor = 0.7:
Best found path is:
1 0 1 2 0 1 11 15 9 1 13 0 6 16 6 0 3 0 8 4 10 9 14 13 2 14 13 12 3 11 0 14 13 7 0 6 5

Best found path cost = 8619.0

Execution time: 39.811269998550415 seconds
35.30286192893982

For Q = 5, alpha = 0.7, beta = 0.7 , num_iterations = 3, num_ants = 7, evaporation_factor = 0.3:
Best found path is:
4 0 2 0 7 5 8 0 5 0 6 0 9 16 5 16 10 12 3 6 12 8 4 8 15 11 5 13 14 2 14 2 13 7 2 14 2 5 2 1

Best found path cost = 6875.0

Execution time: 35.30286192893982 seconds
18.423633098602295

For Q = 5, alpha = 0.7, beta = 0.7 , num_iterations = 3, num_ants = 7, evaporation_factor = 0.7:
Best found path is:
12 0 2 4 9 16 2 3 7 13 4 13 2 5 2 7 14 2 11 8 13 2 14 7 0 5 6 11 9 10 3 12 13 2 14 1 2 6 0 3 7 12 3 15

Best found path cost = 7873.0

Execution time: 18.423633098602295 seconds
42.54127383232117

For Q = 5, alpha = 0.7, beta = 0.7 , num_iterations = 5, num_ants = 2, evaporation_factor = 0.3:
Best found path is:
7 0 3 4 1 0 8 9 10 4 8 10 7 14 3 10 13 7 3 7 0 3 9 2 5 7 12 5 11 15 7 3 16 8 7 16 6

Best found path cost = 7470.0

Execution time: 42.54127383232117 seconds
56.22249913215637

For Q = 5, alpha = 0.7, beta = 0.7 , num_iterations = 5, num_ants = 2, evaporation_factor = 0.7:
Best found path is:
12 0 7 2 3 6 3 6 7 2 13 4 1 13 2 13 11 12 8 16 3 7 5 7 16 12 6 7 5 15 12 7 16 12 7 16 14 2 7 13 4 9 7 13 2 14 2 14 7 16 3 12 8 13 10

Best found path cost = 7550.0

Execution time: 56.22249913215637 seconds
54.849695920944214

For Q = 5, alpha = 0.7, beta = 0.7 , num_iterations = 5, num_ants = 5, evaporation_factor = 0.3:
Best found path is:
14 2 10 4 10 4 10 4 1 5 9 4 14 2 5 12 9 4 10 5 6 5 7 5 7 5 12 6 5 16 6 5 14 2 16 5 6 0 13 16 3 15 11 7 2 10 4 8

Best found path cost = 6313.0

Execution time: 54.849695920944214 seconds
78.23413801193237

For Q = 5, alpha = 0.7, beta = 0.7 , num_iterations = 5, num_ants = 5, evaporation_factor = 0.7:
Best found path is:
1 3 4 0 2 0 6 8 12 3 6 3 0 5 16 12 3 13 14 3 7 3 12 3 7 3 6 7 16 5 7 0 6 0 13 14 4 5 2 4 10 9 13 9 16 5 6 7 16 5 11 8 15

Best found path cost = 8328.0

Execution time: 78.23413801193237 seconds
215.40517807006836

For Q = 5, alpha = 0.7, beta = 0.7 , num_iterations = 5, num_ants = 7, evaporation_factor = 0.3:
Best found path is:
0 1 4 2 10 7 0 6 7 0 5 12 5 16 7 3 15 10 0 7 6 16 7 13 6 7 6 12 6 11 3 6 4 10 14 4 10 4 10 9 16 6 0 3 12 3 6 14 4 8

Best found path cost = 7454.0

Execution time: 215.40517807006836 seconds
130.24462890625

For Q = 5, alpha = 0.7, beta = 0.7 , num_iterations = 5, num_ants = 7, evaporation_factor = 0.7:
Best found path is:
5 0 2 14 2 5 12 3 8 0 12 3 6 12 3 12 3 16 1 10 5 0 5 12 16 0 9 0 5 2 10 2 5 3 13 3 8 6 12 7 12 16 0 16 7 6 0 2 14 2 13 7 14 10 0 12 7 15 8 11 16 6 7 16 11 4

Best found path cost = 9613.0

Execution time: 130.24462890625 seconds
126.51622200012207

For Q = 5, alpha = 0.7, beta = 0.7 , num_iterations = 7, num_ants = 2, evaporation_factor = 0.3:
Best found path is:
6 0 5 2 14 1 4 6 2 15 11 7 14 16 3 12 6 3 9 16 3 6 12 3 2 7 5 10 7 13 1 8

Best found path cost = 6421.0

Execution time: 126.51622200012207 seconds
130.04182815551758

For Q = 5, alpha = 0.7, beta = 0.7 , num_iterations = 7, num_ants = 2, evaporation_factor = 0.7:
Best found path is:
14 0 2 4 1 0 3 4 9 8 0 6 16 5 0 13 6 7 6 7 5 4 1 9 0 10 4 16 10 4 10 13 14 2 6 16 7 9 12 3 13 2 11 15

Best found path cost = 8869.0

Execution time: 130.04182815551758 seconds
125.76742100715637

For Q = 5, alpha = 0.7, beta = 0.7 , num_iterations = 7, num_ants = 5, evaporation_factor = 0.3:
Best found path is:
0 1 2 3 0 3 6 0 13 14 2 13 0 9 4 10 7 5 16 6 3 0 3 12 16 0 12 3 0 11 12 7 5 7 6 13 16 5 6 16 2 3 8 15

Best found path cost = 6065.0

Execution time: 125.76742100715637 seconds
51.948091983795166

For Q = 5, alpha = 0.7, beta = 0.7 , num_iterations = 7, num_ants = 5, evaporation_factor = 0.7:
Best found path is:
1 0 1 9 4 6 0 3 5 6 0 6 7 3 7 6 12 3 5 14 7 6 12 3 12 3 5 16 13 6 0 6 4 13 0 7 3 12 3 0 7 5 16 13 14 10 4 15 10 2 0 12 3 5 0 3 11 8

Best found path cost = 8615.0

Execution time: 51.948091983795166 seconds
95.19136691093445

For Q = 5, alpha = 0.7, beta = 0.7 , num_iterations = 7, num_ants = 7, evaporation_factor = 0.3:
Best found path is:
14 2 5 4 1 2 4 10 16 5 2 5 0 11 8 11 8 11 15 4 9 2 6 7 16 5 6 7 5 16 5 16 5 6 0 12 5 7 5 16 2 7 5 16 6 5 3 12 7 16 8 11 8 7 5 7 16 5 16 6 7 13

Best found path cost = 6514.0

Execution time: 95.19136691093445 seconds
109.20019197463989

For Q = 5, alpha = 0.7, beta = 0.7 , num_iterations = 7, num_ants = 7, evaporation_factor = 0.7:
Best found path is:
13 0 1 4 3 10 9 15 8 11 6 0 11 16 5 2 16 3 12 3 10 4 1 4 14 7

Best found path cost = 5654.0

Execution time: 109.20019197463989 seconds
